{"C:\\Users\\netxt\\OneDrive\\Desktop\\ABCUNA\\ABCUNA-PROJECT\\components\\ui.tsx": {"path":"C:\\Users\\netxt\\OneDrive\\Desktop\\ABCUNA\\ABCUNA-PROJECT\\components\\ui.tsx","statementMap":{"0":{"start":{"line":6,"column":13},"end":{"line":7,"column":null}},"1":{"start":{"line":7,"column":2},"end":{"line":7,"column":null}},"2":{"start":{"line":11,"column":13},"end":{"line":17,"column":null}},"3":{"start":{"line":12,"column":2},"end":{"line":17,"column":null}},"4":{"start":{"line":21,"column":13},"end":{"line":39,"column":null}},"5":{"start":{"line":28,"column":2},"end":{"line":39,"column":null}},"6":{"start":{"line":48,"column":13},"end":{"line":73,"column":null}},"7":{"start":{"line":49,"column":21},"end":{"line":49,"column":null}},"8":{"start":{"line":51,"column":19},"end":{"line":57,"column":null}},"9":{"start":{"line":59,"column":16},"end":{"line":63,"column":null}},"10":{"start":{"line":65,"column":2},"end":{"line":71,"column":null}},"11":{"start":{"line":83,"column":13},"end":{"line":255,"column":null}},"12":{"start":{"line":84,"column":8},"end":{"line":84,"column":null}},"13":{"start":{"line":85,"column":46},"end":{"line":85,"column":null}},"14":{"start":{"line":86,"column":17},"end":{"line":86,"column":null}},"15":{"start":{"line":88,"column":24},"end":{"line":88,"column":null}},"16":{"start":{"line":90,"column":8},"end":{"line":133,"column":null}},"17":{"start":{"line":91,"column":20},"end":{"line":91,"column":null}},"18":{"start":{"line":93,"column":4},"end":{"line":132,"column":null}},"19":{"start":{"line":95,"column":8},"end":{"line":106,"column":null}},"20":{"start":{"line":97,"column":10},"end":{"line":99,"column":null}},"21":{"start":{"line":102,"column":10},"end":{"line":105,"column":null}},"22":{"start":{"line":108,"column":8},"end":{"line":112,"column":null}},"23":{"start":{"line":114,"column":8},"end":{"line":119,"column":null}},"24":{"start":{"line":121,"column":8},"end":{"line":123,"column":null}},"25":{"start":{"line":125,"column":8},"end":{"line":129,"column":null}},"26":{"start":{"line":131,"column":8},"end":{"line":131,"column":null}},"27":{"start":{"line":135,"column":8},"end":{"line":144,"column":null}},"28":{"start":{"line":136,"column":4},"end":{"line":143,"column":null}},"29":{"start":{"line":137,"column":20},"end":{"line":137,"column":null}},"30":{"start":{"line":138,"column":18},"end":{"line":138,"column":null}},"31":{"start":{"line":139,"column":19},"end":{"line":139,"column":null}},"32":{"start":{"line":140,"column":18},"end":{"line":140,"column":null}},"33":{"start":{"line":141,"column":18},"end":{"line":141,"column":null}},"34":{"start":{"line":142,"column":15},"end":{"line":142,"column":null}},"35":{"start":{"line":146,"column":8},"end":{"line":152,"column":null}},"36":{"start":{"line":147,"column":4},"end":{"line":150,"column":null}},"37":{"start":{"line":148,"column":21},"end":{"line":148,"column":null}},"38":{"start":{"line":149,"column":6},"end":{"line":149,"column":null}},"39":{"start":{"line":151,"column":4},"end":{"line":151,"column":null}},"40":{"start":{"line":151,"column":24},"end":{"line":151,"column":null}},"41":{"start":{"line":154,"column":8},"end":{"line":168,"column":null}},"42":{"start":{"line":155,"column":4},"end":{"line":166,"column":null}},"43":{"start":{"line":157,"column":26},"end":{"line":157,"column":null}},"44":{"start":{"line":158,"column":6},"end":{"line":160,"column":null}},"45":{"start":{"line":159,"column":8},"end":{"line":159,"column":null}},"46":{"start":{"line":163,"column":6},"end":{"line":165,"column":null}},"47":{"start":{"line":164,"column":8},"end":{"line":164,"column":null}},"48":{"start":{"line":167,"column":4},"end":{"line":167,"column":null}},"49":{"start":{"line":167,"column":25},"end":{"line":167,"column":null}},"50":{"start":{"line":170,"column":8},"end":{"line":175,"column":null}},"51":{"start":{"line":171,"column":4},"end":{"line":171,"column":null}},"52":{"start":{"line":171,"column":17},"end":{"line":171,"column":null}},"53":{"start":{"line":172,"column":4},"end":{"line":174,"column":null}},"54":{"start":{"line":173,"column":6},"end":{"line":173,"column":null}},"55":{"start":{"line":178,"column":8},"end":{"line":187,"column":null}},"56":{"start":{"line":179,"column":4},"end":{"line":186,"column":null}},"57":{"start":{"line":180,"column":20},"end":{"line":180,"column":null}},"58":{"start":{"line":181,"column":18},"end":{"line":181,"column":null}},"59":{"start":{"line":182,"column":19},"end":{"line":182,"column":null}},"60":{"start":{"line":183,"column":18},"end":{"line":183,"column":null}},"61":{"start":{"line":184,"column":18},"end":{"line":184,"column":null}},"62":{"start":{"line":185,"column":15},"end":{"line":185,"column":null}},"63":{"start":{"line":189,"column":8},"end":{"line":201,"column":null}},"64":{"start":{"line":190,"column":4},"end":{"line":199,"column":null}},"65":{"start":{"line":191,"column":6},"end":{"line":198,"column":null}},"66":{"start":{"line":192,"column":21},"end":{"line":192,"column":null}},"67":{"start":{"line":193,"column":8},"end":{"line":195,"column":null}},"68":{"start":{"line":194,"column":10},"end":{"line":194,"column":null}},"69":{"start":{"line":197,"column":8},"end":{"line":197,"column":null}},"70":{"start":{"line":200,"column":4},"end":{"line":200,"column":null}},"71":{"start":{"line":203,"column":2},"end":{"line":253,"column":null}},"72":{"start":{"line":239,"column":25},"end":{"line":239,"column":null}},"73":{"start":{"line":243,"column":29},"end":{"line":243,"column":null}},"74":{"start":{"line":244,"column":26},"end":{"line":247,"column":null}},"75":{"start":{"line":248,"column":12},"end":{"line":248,"column":null}},"76":{"start":{"line":248,"column":32},"end":{"line":248,"column":null}},"77":{"start":{"line":249,"column":12},"end":{"line":249,"column":null}},"78":{"start":{"line":265,"column":6},"end":{"line":438,"column":null}},"79":{"start":{"line":266,"column":18},"end":{"line":266,"column":null}},"80":{"start":{"line":269,"column":10},"end":{"line":273,"column":null}},"81":{"start":{"line":270,"column":8},"end":{"line":270,"column":null}},"82":{"start":{"line":270,"column":20},"end":{"line":270,"column":null}},"83":{"start":{"line":271,"column":18},"end":{"line":271,"column":null}},"84":{"start":{"line":272,"column":8},"end":{"line":272,"column":null}},"85":{"start":{"line":275,"column":36},"end":{"line":275,"column":null}},"86":{"start":{"line":276,"column":28},"end":{"line":276,"column":null}},"87":{"start":{"line":277,"column":40},"end":{"line":277,"column":null}},"88":{"start":{"line":280,"column":4},"end":{"line":287,"column":null}},"89":{"start":{"line":281,"column":8},"end":{"line":286,"column":null}},"90":{"start":{"line":282,"column":28},"end":{"line":282,"column":null}},"91":{"start":{"line":283,"column":12},"end":{"line":283,"column":null}},"92":{"start":{"line":284,"column":12},"end":{"line":284,"column":null}},"93":{"start":{"line":285,"column":12},"end":{"line":285,"column":null}},"94":{"start":{"line":289,"column":22},"end":{"line":289,"column":null}},"95":{"start":{"line":290,"column":17},"end":{"line":290,"column":null}},"96":{"start":{"line":292,"column":24},"end":{"line":292,"column":null}},"97":{"start":{"line":293,"column":28},"end":{"line":293,"column":null}},"98":{"start":{"line":295,"column":10},"end":{"line":295,"column":null}},"99":{"start":{"line":295,"column":28},"end":{"line":295,"column":null}},"100":{"start":{"line":296,"column":10},"end":{"line":296,"column":null}},"101":{"start":{"line":296,"column":28},"end":{"line":296,"column":null}},"102":{"start":{"line":298,"column":19},"end":{"line":301,"column":null}},"103":{"start":{"line":303,"column":18},"end":{"line":303,"column":null}},"104":{"start":{"line":304,"column":24},"end":{"line":304,"column":null}},"105":{"start":{"line":305,"column":4},"end":{"line":309,"column":null}},"106":{"start":{"line":305,"column":17},"end":{"line":305,"column":35}},"107":{"start":{"line":306,"column":8},"end":{"line":308,"column":null}},"108":{"start":{"line":307,"column":12},"end":{"line":307,"column":null}},"109":{"start":{"line":311,"column":10},"end":{"line":334,"column":null}},"110":{"start":{"line":312,"column":21},"end":{"line":312,"column":null}},"111":{"start":{"line":313,"column":8},"end":{"line":315,"column":null}},"112":{"start":{"line":313,"column":21},"end":{"line":313,"column":24}},"113":{"start":{"line":314,"column":12},"end":{"line":314,"column":null}},"114":{"start":{"line":316,"column":8},"end":{"line":332,"column":null}},"115":{"start":{"line":316,"column":21},"end":{"line":316,"column":24}},"116":{"start":{"line":317,"column":28},"end":{"line":317,"column":null}},"117":{"start":{"line":318,"column":31},"end":{"line":318,"column":null}},"118":{"start":{"line":319,"column":28},"end":{"line":319,"column":null}},"119":{"start":{"line":321,"column":12},"end":{"line":331,"column":null}},"120":{"start":{"line":325,"column":35},"end":{"line":325,"column":null}},"121":{"start":{"line":333,"column":8},"end":{"line":333,"column":null}},"122":{"start":{"line":336,"column":4},"end":{"line":436,"column":null}},"123":{"start":{"line":343,"column":43},"end":{"line":343,"column":null}},"124":{"start":{"line":351,"column":43},"end":{"line":351,"column":null}},"125":{"start":{"line":371,"column":36},"end":{"line":371,"column":null}},"126":{"start":{"line":383,"column":32},"end":{"line":393,"column":null}},"127":{"start":{"line":387,"column":40},"end":{"line":387,"column":null}},"128":{"start":{"line":388,"column":40},"end":{"line":388,"column":null}},"129":{"start":{"line":408,"column":51},"end":{"line":408,"column":null}},"130":{"start":{"line":413,"column":36},"end":{"line":424,"column":null}},"131":{"start":{"line":417,"column":44},"end":{"line":417,"column":null}},"132":{"start":{"line":418,"column":44},"end":{"line":418,"column":null}},"133":{"start":{"line":419,"column":44},"end":{"line":419,"column":null}},"134":{"start":{"line":433,"column":59},"end":{"line":433,"column":104}},"135":{"start":{"line":433,"column":104},"end":{"line":433,"column":121}},"136":{"start":{"line":446,"column":13},"end":{"line":457,"column":null}},"137":{"start":{"line":447,"column":2},"end":{"line":455,"column":null}},"138":{"start":{"line":458,"column":13},"end":{"line":472,"column":null}},"139":{"start":{"line":459,"column":17},"end":{"line":465,"column":null}},"140":{"start":{"line":467,"column":2},"end":{"line":470,"column":null}},"141":{"start":{"line":475,"column":13},"end":{"line":499,"column":null}},"142":{"start":{"line":484,"column":22},"end":{"line":488,"column":null}},"143":{"start":{"line":490,"column":2},"end":{"line":497,"column":null}},"144":{"start":{"line":502,"column":13},"end":{"line":540,"column":null}},"145":{"start":{"line":510,"column":2},"end":{"line":540,"column":null}},"146":{"start":{"line":552,"column":13},"end":{"line":595,"column":null}},"147":{"start":{"line":553,"column":2},"end":{"line":562,"column":null}},"148":{"start":{"line":554,"column":4},"end":{"line":558,"column":null}},"149":{"start":{"line":555,"column":6},"end":{"line":555,"column":null}},"150":{"start":{"line":557,"column":6},"end":{"line":557,"column":null}},"151":{"start":{"line":559,"column":4},"end":{"line":561,"column":null}},"152":{"start":{"line":560,"column":6},"end":{"line":560,"column":null}},"153":{"start":{"line":564,"column":2},"end":{"line":564,"column":null}},"154":{"start":{"line":564,"column":15},"end":{"line":564,"column":null}},"155":{"start":{"line":566,"column":26},"end":{"line":576,"column":null}},"156":{"start":{"line":578,"column":2},"end":{"line":594,"column":null}},"157":{"start":{"line":582,"column":24},"end":{"line":582,"column":null}}},"fnMap":{"0":{"name":"(anonymous_0)","decl":{"start":{"line":6,"column":13},"end":{"line":6,"column":59}},"loc":{"start":{"line":7,"column":2},"end":{"line":7,"column":null}},"line":7},"1":{"name":"(anonymous_1)","decl":{"start":{"line":11,"column":13},"end":{"line":11,"column":null}},"loc":{"start":{"line":12,"column":2},"end":{"line":17,"column":null}},"line":12},"2":{"name":"(anonymous_2)","decl":{"start":{"line":21,"column":13},"end":{"line":21,"column":138}},"loc":{"start":{"line":28,"column":2},"end":{"line":39,"column":null}},"line":28},"3":{"name":"(anonymous_3)","decl":{"start":{"line":48,"column":13},"end":{"line":48,"column":46}},"loc":{"start":{"line":48,"column":123},"end":{"line":73,"column":null}},"line":48},"4":{"name":"(anonymous_4)","decl":{"start":{"line":83,"column":13},"end":{"line":83,"column":44}},"loc":{"start":{"line":83,"column":106},"end":{"line":255,"column":null}},"line":83},"5":{"name":"(anonymous_5)","decl":{"start":{"line":90,"column":8},"end":{"line":90,"column":21}},"loc":{"start":{"line":90,"column":57},"end":{"line":133,"column":null}},"line":90},"6":{"name":"(anonymous_6)","decl":{"start":{"line":135,"column":8},"end":{"line":135,"column":24}},"loc":{"start":{"line":135,"column":46},"end":{"line":144,"column":null}},"line":135},"7":{"name":"(anonymous_7)","decl":{"start":{"line":146,"column":8},"end":{"line":146,"column":24}},"loc":{"start":{"line":146,"column":67},"end":{"line":152,"column":null}},"line":146},"8":{"name":"(anonymous_8)","decl":{"start":{"line":154,"column":8},"end":{"line":154,"column":25}},"loc":{"start":{"line":154,"column":70},"end":{"line":168,"column":null}},"line":154},"9":{"name":"(anonymous_9)","decl":{"start":{"line":170,"column":8},"end":{"line":170,"column":28}},"loc":{"start":{"line":170,"column":70},"end":{"line":175,"column":null}},"line":170},"10":{"name":"(anonymous_10)","decl":{"start":{"line":178,"column":8},"end":{"line":178,"column":23}},"loc":{"start":{"line":178,"column":45},"end":{"line":187,"column":null}},"line":178},"11":{"name":"(anonymous_11)","decl":{"start":{"line":189,"column":8},"end":{"line":189,"column":32}},"loc":{"start":{"line":189,"column":32},"end":{"line":201,"column":null}},"line":189},"12":{"name":"(anonymous_12)","decl":{"start":{"line":239,"column":10},"end":{"line":239,"column":25}},"loc":{"start":{"line":239,"column":25},"end":{"line":239,"column":null}},"line":239},"13":{"name":"(anonymous_13)","decl":{"start":{"line":241,"column":10},"end":{"line":241,"column":21}},"loc":{"start":{"line":241,"column":29},"end":{"line":250,"column":null}},"line":241},"14":{"name":"(anonymous_14)","decl":{"start":{"line":265,"column":6},"end":{"line":265,"column":57}},"loc":{"start":{"line":265,"column":98},"end":{"line":438,"column":null}},"line":265},"15":{"name":"(anonymous_15)","decl":{"start":{"line":269,"column":10},"end":{"line":269,"column":33}},"loc":{"start":{"line":269,"column":33},"end":{"line":273,"column":null}},"line":269},"16":{"name":"(anonymous_16)","decl":{"start":{"line":280,"column":10},"end":{"line":280,"column":26}},"loc":{"start":{"line":280,"column":26},"end":{"line":287,"column":7}},"line":280},"17":{"name":"(anonymous_17)","decl":{"start":{"line":295,"column":10},"end":{"line":295,"column":28}},"loc":{"start":{"line":295,"column":28},"end":{"line":295,"column":null}},"line":295},"18":{"name":"(anonymous_18)","decl":{"start":{"line":296,"column":10},"end":{"line":296,"column":28}},"loc":{"start":{"line":296,"column":28},"end":{"line":296,"column":null}},"line":296},"19":{"name":"(anonymous_19)","decl":{"start":{"line":311,"column":10},"end":{"line":311,"column":29}},"loc":{"start":{"line":311,"column":29},"end":{"line":334,"column":null}},"line":311},"20":{"name":"(anonymous_20)","decl":{"start":{"line":325,"column":20},"end":{"line":325,"column":35}},"loc":{"start":{"line":325,"column":35},"end":{"line":325,"column":null}},"line":325},"21":{"name":"(anonymous_21)","decl":{"start":{"line":343,"column":28},"end":{"line":343,"column":43}},"loc":{"start":{"line":343,"column":43},"end":{"line":343,"column":null}},"line":343},"22":{"name":"(anonymous_22)","decl":{"start":{"line":351,"column":28},"end":{"line":351,"column":43}},"loc":{"start":{"line":351,"column":43},"end":{"line":351,"column":null}},"line":351},"23":{"name":"(anonymous_23)","decl":{"start":{"line":370,"column":69},"end":{"line":370,"column":74}},"loc":{"start":{"line":371,"column":36},"end":{"line":371,"column":null}},"line":371},"24":{"name":"(anonymous_24)","decl":{"start":{"line":382,"column":36},"end":{"line":382,"column":41}},"loc":{"start":{"line":383,"column":32},"end":{"line":393,"column":null}},"line":383},"25":{"name":"(anonymous_25)","decl":{"start":{"line":386,"column":36},"end":{"line":386,"column":51}},"loc":{"start":{"line":386,"column":51},"end":{"line":389,"column":null}},"line":386},"26":{"name":"(anonymous_26)","decl":{"start":{"line":408,"column":36},"end":{"line":408,"column":46}},"loc":{"start":{"line":408,"column":51},"end":{"line":408,"column":null}},"line":408},"27":{"name":"(anonymous_27)","decl":{"start":{"line":412,"column":39},"end":{"line":412,"column":43}},"loc":{"start":{"line":413,"column":36},"end":{"line":424,"column":null}},"line":413},"28":{"name":"(anonymous_28)","decl":{"start":{"line":416,"column":40},"end":{"line":416,"column":55}},"loc":{"start":{"line":416,"column":55},"end":{"line":420,"column":null}},"line":416},"29":{"name":"(anonymous_29)","decl":{"start":{"line":433,"column":42},"end":{"line":433,"column":57}},"loc":{"start":{"line":433,"column":57},"end":{"line":433,"column":124}},"line":433},"30":{"name":"(anonymous_30)","decl":{"start":{"line":446,"column":13},"end":{"line":446,"column":50}},"loc":{"start":{"line":446,"column":97},"end":{"line":457,"column":null}},"line":446},"31":{"name":"(anonymous_31)","decl":{"start":{"line":458,"column":13},"end":{"line":458,"column":148}},"loc":{"start":{"line":458,"column":202},"end":{"line":472,"column":null}},"line":458},"32":{"name":"(anonymous_32)","decl":{"start":{"line":475,"column":13},"end":{"line":475,"column":null}},"loc":{"start":{"line":483,"column":78},"end":{"line":499,"column":null}},"line":483},"33":{"name":"(anonymous_33)","decl":{"start":{"line":502,"column":13},"end":{"line":502,"column":null}},"loc":{"start":{"line":510,"column":2},"end":{"line":540,"column":null}},"line":510},"34":{"name":"(anonymous_34)","decl":{"start":{"line":552,"column":13},"end":{"line":552,"column":44}},"loc":{"start":{"line":552,"column":102},"end":{"line":595,"column":null}},"line":552},"35":{"name":"(anonymous_35)","decl":{"start":{"line":553,"column":8},"end":{"line":553,"column":24}},"loc":{"start":{"line":553,"column":24},"end":{"line":562,"column":5}},"line":553},"36":{"name":"(anonymous_36)","decl":{"start":{"line":559,"column":4},"end":{"line":559,"column":17}},"loc":{"start":{"line":559,"column":17},"end":{"line":561,"column":null}},"line":559},"37":{"name":"(anonymous_37)","decl":{"start":{"line":582,"column":8},"end":{"line":582,"column":18}},"loc":{"start":{"line":582,"column":24},"end":{"line":582,"column":null}},"line":582}},"branchMap":{"0":{"loc":{"start":{"line":6,"column":61},"end":{"line":6,"column":null}},"type":"default-arg","locations":[{"start":{"line":6,"column":73},"end":{"line":6,"column":null}}],"line":6},"1":{"loc":{"start":{"line":23,"column":2},"end":{"line":23,"column":null}},"type":"default-arg","locations":[{"start":{"line":23,"column":14},"end":{"line":23,"column":null}}],"line":23},"2":{"loc":{"start":{"line":25,"column":2},"end":{"line":25,"column":null}},"type":"default-arg","locations":[{"start":{"line":25,"column":10},"end":{"line":25,"column":null}}],"line":25},"3":{"loc":{"start":{"line":26,"column":2},"end":{"line":26,"column":null}},"type":"default-arg","locations":[{"start":{"line":26,"column":10},"end":{"line":26,"column":null}}],"line":26},"4":{"loc":{"start":{"line":32,"column":8},"end":{"line":32,"column":null}},"type":"cond-expr","locations":[{"start":{"line":32,"column":16},"end":{"line":32,"column":41}},{"start":{"line":32,"column":41},"end":{"line":32,"column":null}}],"line":32},"5":{"loc":{"start":{"line":33,"column":8},"end":{"line":33,"column":null}},"type":"cond-expr","locations":[{"start":{"line":33,"column":16},"end":{"line":33,"column":59}},{"start":{"line":33,"column":59},"end":{"line":33,"column":null}}],"line":33},"6":{"loc":{"start":{"line":34,"column":8},"end":{"line":34,"column":60}},"type":"cond-expr","locations":[{"start":{"line":34,"column":18},"end":{"line":34,"column":57}},{"start":{"line":34,"column":57},"end":{"line":34,"column":60}}],"line":34},"7":{"loc":{"start":{"line":48,"column":58},"end":{"line":48,"column":79}},"type":"default-arg","locations":[{"start":{"line":48,"column":68},"end":{"line":48,"column":79}}],"line":48},"8":{"loc":{"start":{"line":48,"column":79},"end":{"line":48,"column":92}},"type":"default-arg","locations":[{"start":{"line":48,"column":86},"end":{"line":48,"column":92}}],"line":48},"9":{"loc":{"start":{"line":48,"column":92},"end":{"line":48,"column":108}},"type":"default-arg","locations":[{"start":{"line":48,"column":104},"end":{"line":48,"column":108}}],"line":48},"10":{"loc":{"start":{"line":83,"column":66},"end":{"line":83,"column":82}},"type":"default-arg","locations":[{"start":{"line":83,"column":78},"end":{"line":83,"column":82}}],"line":83},"11":{"loc":{"start":{"line":88,"column":24},"end":{"line":88,"column":null}},"type":"binary-expr","locations":[{"start":{"line":88,"column":24},"end":{"line":88,"column":38}},{"start":{"line":88,"column":38},"end":{"line":88,"column":null}}],"line":88},"12":{"loc":{"start":{"line":93,"column":4},"end":{"line":132,"column":null}},"type":"switch","locations":[{"start":{"line":94,"column":6},"end":{"line":106,"column":null}},{"start":{"line":107,"column":6},"end":{"line":112,"column":null}},{"start":{"line":113,"column":6},"end":{"line":119,"column":null}},{"start":{"line":120,"column":6},"end":{"line":123,"column":null}},{"start":{"line":124,"column":6},"end":{"line":129,"column":null}},{"start":{"line":130,"column":6},"end":{"line":131,"column":null}}],"line":93},"13":{"loc":{"start":{"line":95,"column":8},"end":{"line":106,"column":null}},"type":"if","locations":[{"start":{"line":95,"column":8},"end":{"line":106,"column":null}},{"start":{"line":100,"column":15},"end":{"line":106,"column":null}}],"line":95},"14":{"loc":{"start":{"line":136,"column":4},"end":{"line":143,"column":null}},"type":"switch","locations":[{"start":{"line":137,"column":6},"end":{"line":137,"column":null}},{"start":{"line":138,"column":6},"end":{"line":138,"column":null}},{"start":{"line":139,"column":6},"end":{"line":139,"column":null}},{"start":{"line":140,"column":6},"end":{"line":140,"column":null}},{"start":{"line":141,"column":6},"end":{"line":141,"column":null}},{"start":{"line":142,"column":6},"end":{"line":142,"column":null}}],"line":136},"15":{"loc":{"start":{"line":147,"column":4},"end":{"line":150,"column":null}},"type":"if","locations":[{"start":{"line":147,"column":4},"end":{"line":150,"column":null}},{"start":{},"end":{}}],"line":147},"16":{"loc":{"start":{"line":151,"column":4},"end":{"line":151,"column":null}},"type":"if","locations":[{"start":{"line":151,"column":4},"end":{"line":151,"column":null}},{"start":{},"end":{}}],"line":151},"17":{"loc":{"start":{"line":155,"column":4},"end":{"line":166,"column":null}},"type":"if","locations":[{"start":{"line":155,"column":4},"end":{"line":166,"column":null}},{"start":{},"end":{}}],"line":155},"18":{"loc":{"start":{"line":155,"column":8},"end":{"line":155,"column":37}},"type":"binary-expr","locations":[{"start":{"line":155,"column":8},"end":{"line":155,"column":22}},{"start":{"line":155,"column":22},"end":{"line":155,"column":37}}],"line":155},"19":{"loc":{"start":{"line":158,"column":6},"end":{"line":160,"column":null}},"type":"if","locations":[{"start":{"line":158,"column":6},"end":{"line":160,"column":null}},{"start":{},"end":{}}],"line":158},"20":{"loc":{"start":{"line":158,"column":10},"end":{"line":158,"column":67}},"type":"binary-expr","locations":[{"start":{"line":158,"column":10},"end":{"line":158,"column":42}},{"start":{"line":158,"column":42},"end":{"line":158,"column":55}},{"start":{"line":158,"column":55},"end":{"line":158,"column":67}}],"line":158},"21":{"loc":{"start":{"line":163,"column":6},"end":{"line":165,"column":null}},"type":"if","locations":[{"start":{"line":163,"column":6},"end":{"line":165,"column":null}},{"start":{},"end":{}}],"line":163},"22":{"loc":{"start":{"line":167,"column":4},"end":{"line":167,"column":null}},"type":"if","locations":[{"start":{"line":167,"column":4},"end":{"line":167,"column":null}},{"start":{},"end":{}}],"line":167},"23":{"loc":{"start":{"line":171,"column":4},"end":{"line":171,"column":null}},"type":"if","locations":[{"start":{"line":171,"column":4},"end":{"line":171,"column":null}},{"start":{},"end":{}}],"line":171},"24":{"loc":{"start":{"line":172,"column":4},"end":{"line":174,"column":null}},"type":"if","locations":[{"start":{"line":172,"column":4},"end":{"line":174,"column":null}},{"start":{},"end":{}}],"line":172},"25":{"loc":{"start":{"line":179,"column":4},"end":{"line":186,"column":null}},"type":"switch","locations":[{"start":{"line":180,"column":6},"end":{"line":180,"column":null}},{"start":{"line":181,"column":6},"end":{"line":181,"column":null}},{"start":{"line":182,"column":6},"end":{"line":182,"column":null}},{"start":{"line":183,"column":6},"end":{"line":183,"column":null}},{"start":{"line":184,"column":6},"end":{"line":184,"column":null}},{"start":{"line":185,"column":6},"end":{"line":185,"column":null}}],"line":179},"26":{"loc":{"start":{"line":190,"column":4},"end":{"line":199,"column":null}},"type":"if","locations":[{"start":{"line":190,"column":4},"end":{"line":199,"column":null}},{"start":{},"end":{}}],"line":190},"27":{"loc":{"start":{"line":190,"column":8},"end":{"line":190,"column":31}},"type":"binary-expr","locations":[{"start":{"line":190,"column":8},"end":{"line":190,"column":18}},{"start":{"line":190,"column":18},"end":{"line":190,"column":31}}],"line":190},"28":{"loc":{"start":{"line":193,"column":8},"end":{"line":195,"column":null}},"type":"if","locations":[{"start":{"line":193,"column":8},"end":{"line":195,"column":null}},{"start":{},"end":{}}],"line":193},"29":{"loc":{"start":{"line":200,"column":11},"end":{"line":200,"column":null}},"type":"binary-expr","locations":[{"start":{"line":200,"column":11},"end":{"line":200,"column":26}},{"start":{"line":200,"column":26},"end":{"line":200,"column":null}}],"line":200},"30":{"loc":{"start":{"line":205,"column":7},"end":{"line":205,"column":null}},"type":"binary-expr","locations":[{"start":{"line":205,"column":7},"end":{"line":205,"column":16}},{"start":{"line":205,"column":16},"end":{"line":205,"column":null}}],"line":205},"31":{"loc":{"start":{"line":209,"column":16},"end":{"line":209,"column":null}},"type":"cond-expr","locations":[{"start":{"line":209,"column":25},"end":{"line":209,"column":35}},{"start":{"line":209,"column":35},"end":{"line":209,"column":null}}],"line":209},"32":{"loc":{"start":{"line":209,"column":35},"end":{"line":209,"column":null}},"type":"binary-expr","locations":[{"start":{"line":209,"column":35},"end":{"line":209,"column":50}},{"start":{"line":209,"column":50},"end":{"line":209,"column":null}}],"line":209},"33":{"loc":{"start":{"line":209,"column":50},"end":{"line":209,"column":null}},"type":"cond-expr","locations":[{"start":{"line":209,"column":66},"end":{"line":209,"column":74}},{"start":{"line":209,"column":74},"end":{"line":209,"column":null}}],"line":209},"34":{"loc":{"start":{"line":212,"column":21},"end":{"line":212,"column":null}},"type":"cond-expr","locations":[{"start":{"line":212,"column":37},"end":{"line":212,"column":49}},{"start":{"line":212,"column":49},"end":{"line":212,"column":null}}],"line":212},"35":{"loc":{"start":{"line":213,"column":21},"end":{"line":213,"column":null}},"type":"binary-expr","locations":[{"start":{"line":213,"column":21},"end":{"line":213,"column":49}},{"start":{"line":213,"column":49},"end":{"line":213,"column":null}}],"line":213},"36":{"loc":{"start":{"line":214,"column":250},"end":{"line":214,"column":280}},"type":"cond-expr","locations":[{"start":{"line":214,"column":258},"end":{"line":214,"column":277}},{"start":{"line":214,"column":277},"end":{"line":214,"column":280}}],"line":214},"37":{"loc":{"start":{"line":214,"column":296},"end":{"line":214,"column":333}},"type":"cond-expr","locations":[{"start":{"line":214,"column":305},"end":{"line":214,"column":330}},{"start":{"line":214,"column":330},"end":{"line":214,"column":333}}],"line":214},"38":{"loc":{"start":{"line":214,"column":336},"end":{"line":214,"column":null}},"type":"cond-expr","locations":[{"start":{"line":214,"column":343},"end":{"line":214,"column":353}},{"start":{"line":214,"column":353},"end":{"line":214,"column":null}}],"line":214},"39":{"loc":{"start":{"line":220,"column":9},"end":{"line":223,"column":null}},"type":"binary-expr","locations":[{"start":{"line":220,"column":9},"end":{"line":220,"column":null}},{"start":{"line":221,"column":10},"end":{"line":223,"column":null}}],"line":220},"40":{"loc":{"start":{"line":225,"column":9},"end":{"line":231,"column":null}},"type":"binary-expr","locations":[{"start":{"line":225,"column":9},"end":{"line":225,"column":null}},{"start":{"line":226,"column":10},"end":{"line":231,"column":null}}],"line":225},"41":{"loc":{"start":{"line":234,"column":7},"end":{"line":234,"column":null}},"type":"binary-expr","locations":[{"start":{"line":234,"column":7},"end":{"line":234,"column":16}},{"start":{"line":234,"column":16},"end":{"line":234,"column":null}}],"line":234},"42":{"loc":{"start":{"line":236,"column":7},"end":{"line":251,"column":null}},"type":"binary-expr","locations":[{"start":{"line":236,"column":7},"end":{"line":236,"column":null}},{"start":{"line":237,"column":8},"end":{"line":251,"column":null}}],"line":236},"43":{"loc":{"start":{"line":243,"column":29},"end":{"line":243,"column":null}},"type":"binary-expr","locations":[{"start":{"line":243,"column":29},"end":{"line":243,"column":36}},{"start":{"line":243,"column":36},"end":{"line":243,"column":null}}],"line":243},"44":{"loc":{"start":{"line":248,"column":12},"end":{"line":248,"column":null}},"type":"if","locations":[{"start":{"line":248,"column":12},"end":{"line":248,"column":null}},{"start":{},"end":{}}],"line":248},"45":{"loc":{"start":{"line":270,"column":8},"end":{"line":270,"column":null}},"type":"if","locations":[{"start":{"line":270,"column":8},"end":{"line":270,"column":null}},{"start":{},"end":{}}],"line":270},"46":{"loc":{"start":{"line":272,"column":15},"end":{"line":272,"column":null}},"type":"cond-expr","locations":[{"start":{"line":272,"column":36},"end":{"line":272,"column":44}},{"start":{"line":272,"column":44},"end":{"line":272,"column":null}}],"line":272},"47":{"loc":{"start":{"line":281,"column":8},"end":{"line":286,"column":null}},"type":"if","locations":[{"start":{"line":281,"column":8},"end":{"line":286,"column":null}},{"start":{},"end":{}}],"line":281},"48":{"loc":{"start":{"line":306,"column":8},"end":{"line":308,"column":null}},"type":"if","locations":[{"start":{"line":306,"column":8},"end":{"line":308,"column":null}},{"start":{},"end":{}}],"line":306},"49":{"loc":{"start":{"line":306,"column":12},"end":{"line":306,"column":68}},"type":"binary-expr","locations":[{"start":{"line":306,"column":12},"end":{"line":306,"column":33}},{"start":{"line":306,"column":33},"end":{"line":306,"column":68}}],"line":306},"50":{"loc":{"start":{"line":327,"column":26},"end":{"line":327,"column":null}},"type":"cond-expr","locations":[{"start":{"line":327,"column":39},"end":{"line":327,"column":77}},{"start":{"line":327,"column":77},"end":{"line":327,"column":null}}],"line":327},"51":{"loc":{"start":{"line":327,"column":77},"end":{"line":327,"column":null}},"type":"cond-expr","locations":[{"start":{"line":327,"column":87},"end":{"line":327,"column":118}},{"start":{"line":327,"column":118},"end":{"line":327,"column":null}}],"line":327},"52":{"loc":{"start":{"line":343,"column":51},"end":{"line":343,"column":88}},"type":"cond-expr","locations":[{"start":{"line":343,"column":71},"end":{"line":343,"column":80}},{"start":{"line":343,"column":80},"end":{"line":343,"column":88}}],"line":343},"53":{"loc":{"start":{"line":344,"column":128},"end":{"line":344,"column":null}},"type":"cond-expr","locations":[{"start":{"line":344,"column":148},"end":{"line":344,"column":167}},{"start":{"line":344,"column":167},"end":{"line":344,"column":null}}],"line":344},"54":{"loc":{"start":{"line":347,"column":99},"end":{"line":347,"column":141}},"type":"cond-expr","locations":[{"start":{"line":347,"column":119},"end":{"line":347,"column":134}},{"start":{"line":347,"column":134},"end":{"line":347,"column":141}}],"line":347},"55":{"loc":{"start":{"line":351,"column":51},"end":{"line":351,"column":86}},"type":"cond-expr","locations":[{"start":{"line":351,"column":70},"end":{"line":351,"column":79}},{"start":{"line":351,"column":79},"end":{"line":351,"column":86}}],"line":351},"56":{"loc":{"start":{"line":352,"column":124},"end":{"line":352,"column":null}},"type":"cond-expr","locations":[{"start":{"line":352,"column":143},"end":{"line":352,"column":162}},{"start":{"line":352,"column":162},"end":{"line":352,"column":null}}],"line":352},"57":{"loc":{"start":{"line":355,"column":99},"end":{"line":355,"column":140}},"type":"cond-expr","locations":[{"start":{"line":355,"column":118},"end":{"line":355,"column":133}},{"start":{"line":355,"column":133},"end":{"line":355,"column":140}}],"line":355},"58":{"loc":{"start":{"line":358,"column":21},"end":{"line":364,"column":null}},"type":"binary-expr","locations":[{"start":{"line":358,"column":21},"end":{"line":358,"column":null}},{"start":{"line":359,"column":24},"end":{"line":364,"column":null}}],"line":358},"59":{"loc":{"start":{"line":367,"column":21},"end":{"line":377,"column":null}},"type":"binary-expr","locations":[{"start":{"line":367,"column":21},"end":{"line":367,"column":null}},{"start":{"line":368,"column":24},"end":{"line":377,"column":null}}],"line":367},"60":{"loc":{"start":{"line":380,"column":21},"end":{"line":395,"column":null}},"type":"binary-expr","locations":[{"start":{"line":380,"column":21},"end":{"line":380,"column":null}},{"start":{"line":381,"column":24},"end":{"line":395,"column":null}}],"line":380},"61":{"loc":{"start":{"line":390,"column":126},"end":{"line":390,"column":null}},"type":"cond-expr","locations":[{"start":{"line":390,"column":154},"end":{"line":390,"column":192}},{"start":{"line":390,"column":192},"end":{"line":390,"column":null}}],"line":390},"62":{"loc":{"start":{"line":398,"column":21},"end":{"line":427,"column":null}},"type":"binary-expr","locations":[{"start":{"line":398,"column":21},"end":{"line":398,"column":null}},{"start":{"line":399,"column":24},"end":{"line":427,"column":null}}],"line":398},"63":{"loc":{"start":{"line":421,"column":108},"end":{"line":421,"column":null}},"type":"cond-expr","locations":[{"start":{"line":421,"column":139},"end":{"line":421,"column":177}},{"start":{"line":421,"column":177},"end":{"line":421,"column":null}}],"line":421},"64":{"loc":{"start":{"line":446,"column":66},"end":{"line":446,"column":82}},"type":"default-arg","locations":[{"start":{"line":446,"column":78},"end":{"line":446,"column":82}}],"line":446},"65":{"loc":{"start":{"line":449,"column":7},"end":{"line":449,"column":null}},"type":"binary-expr","locations":[{"start":{"line":449,"column":7},"end":{"line":449,"column":16}},{"start":{"line":449,"column":16},"end":{"line":449,"column":null}}],"line":449},"66":{"loc":{"start":{"line":451,"column":230},"end":{"line":451,"column":260}},"type":"cond-expr","locations":[{"start":{"line":451,"column":238},"end":{"line":451,"column":257}},{"start":{"line":451,"column":257},"end":{"line":451,"column":260}}],"line":451},"67":{"loc":{"start":{"line":454,"column":7},"end":{"line":454,"column":null}},"type":"binary-expr","locations":[{"start":{"line":454,"column":7},"end":{"line":454,"column":16}},{"start":{"line":454,"column":16},"end":{"line":454,"column":null}}],"line":454},"68":{"loc":{"start":{"line":458,"column":160},"end":{"line":458,"column":181}},"type":"default-arg","locations":[{"start":{"line":458,"column":170},"end":{"line":458,"column":181}}],"line":458},"69":{"loc":{"start":{"line":458,"column":181},"end":{"line":458,"column":202}},"type":"default-arg","locations":[{"start":{"line":458,"column":193},"end":{"line":458,"column":202}}],"line":458},"70":{"loc":{"start":{"line":483,"column":28},"end":{"line":483,"column":41}},"type":"default-arg","locations":[{"start":{"line":483,"column":35},"end":{"line":483,"column":41}}],"line":483},"71":{"loc":{"start":{"line":483,"column":57},"end":{"line":483,"column":78}},"type":"default-arg","locations":[{"start":{"line":483,"column":69},"end":{"line":483,"column":78}}],"line":483},"72":{"loc":{"start":{"line":491,"column":153},"end":{"line":491,"column":210}},"type":"cond-expr","locations":[{"start":{"line":491,"column":162},"end":{"line":491,"column":188}},{"start":{"line":491,"column":188},"end":{"line":491,"column":210}}],"line":491},"73":{"loc":{"start":{"line":491,"column":213},"end":{"line":491,"column":248}},"type":"cond-expr","locations":[{"start":{"line":491,"column":222},"end":{"line":491,"column":236}},{"start":{"line":491,"column":236},"end":{"line":491,"column":248}}],"line":491},"74":{"loc":{"start":{"line":492,"column":7},"end":{"line":495,"column":null}},"type":"cond-expr","locations":[{"start":{"line":493,"column":8},"end":{"line":495,"column":9}},{"start":{"line":495,"column":8},"end":{"line":495,"column":null}}],"line":492},"75":{"loc":{"start":{"line":509,"column":44},"end":{"line":509,"column":null}},"type":"default-arg","locations":[{"start":{"line":509,"column":54},"end":{"line":509,"column":null}}],"line":509},"76":{"loc":{"start":{"line":511,"column":5},"end":{"line":538,"column":null}},"type":"cond-expr","locations":[{"start":{"line":512,"column":6},"end":{"line":523,"column":null}},{"start":{"line":523,"column":6},"end":{"line":538,"column":null}}],"line":511},"77":{"loc":{"start":{"line":528,"column":11},"end":{"line":533,"column":null}},"type":"binary-expr","locations":[{"start":{"line":528,"column":11},"end":{"line":528,"column":null}},{"start":{"line":529,"column":12},"end":{"line":533,"column":null}}],"line":528},"78":{"loc":{"start":{"line":529,"column":105},"end":{"line":529,"column":null}},"type":"cond-expr","locations":[{"start":{"line":529,"column":115},"end":{"line":529,"column":176}},{"start":{"line":529,"column":176},"end":{"line":529,"column":null}}],"line":529},"79":{"loc":{"start":{"line":552,"column":80},"end":{"line":552,"column":102}},"type":"default-arg","locations":[{"start":{"line":552,"column":91},"end":{"line":552,"column":102}}],"line":552},"80":{"loc":{"start":{"line":554,"column":4},"end":{"line":558,"column":null}},"type":"if","locations":[{"start":{"line":554,"column":4},"end":{"line":558,"column":null}},{"start":{"line":556,"column":11},"end":{"line":558,"column":null}}],"line":554},"81":{"loc":{"start":{"line":564,"column":2},"end":{"line":564,"column":null}},"type":"if","locations":[{"start":{"line":564,"column":2},"end":{"line":564,"column":null}},{"start":{},"end":{}}],"line":564}},"s":{"0":1,"1":0,"2":1,"3":0,"4":1,"5":0,"6":1,"7":1,"8":1,"9":1,"10":1,"11":1,"12":0,"13":0,"14":0,"15":0,"16":0,"17":0,"18":0,"19":0,"20":0,"21":0,"22":0,"23":0,"24":0,"25":0,"26":0,"27":0,"28":0,"29":0,"30":0,"31":0,"32":0,"33":0,"34":0,"35":0,"36":0,"37":0,"38":0,"39":0,"40":0,"41":0,"42":0,"43":0,"44":0,"45":0,"46":0,"47":0,"48":0,"49":0,"50":0,"51":0,"52":0,"53":0,"54":0,"55":0,"56":0,"57":0,"58":0,"59":0,"60":0,"61":0,"62":0,"63":0,"64":0,"65":0,"66":0,"67":0,"68":0,"69":0,"70":0,"71":0,"72":0,"73":0,"74":0,"75":0,"76":0,"77":0,"78":1,"79":0,"80":0,"81":0,"82":0,"83":0,"84":0,"85":0,"86":0,"87":0,"88":0,"89":0,"90":0,"91":0,"92":0,"93":0,"94":0,"95":0,"96":0,"97":0,"98":0,"99":0,"100":0,"101":0,"102":0,"103":0,"104":0,"105":0,"106":0,"107":0,"108":0,"109":0,"110":0,"111":0,"112":0,"113":0,"114":0,"115":0,"116":0,"117":0,"118":0,"119":0,"120":0,"121":0,"122":0,"123":0,"124":0,"125":0,"126":0,"127":0,"128":0,"129":0,"130":0,"131":0,"132":0,"133":0,"134":0,"135":0,"136":1,"137":0,"138":1,"139":0,"140":0,"141":1,"142":0,"143":0,"144":1,"145":0,"146":1,"147":0,"148":0,"149":0,"150":0,"151":0,"152":0,"153":0,"154":0,"155":0,"156":0,"157":0},"f":{"0":0,"1":0,"2":0,"3":1,"4":0,"5":0,"6":0,"7":0,"8":0,"9":0,"10":0,"11":0,"12":0,"13":0,"14":0,"15":0,"16":0,"17":0,"18":0,"19":0,"20":0,"21":0,"22":0,"23":0,"24":0,"25":0,"26":0,"27":0,"28":0,"29":0,"30":0,"31":0,"32":0,"33":0,"34":0,"35":0,"36":0,"37":0},"b":{"0":[0],"1":[0],"2":[0],"3":[0],"4":[0,0],"5":[0,0],"6":[0,0],"7":[1],"8":[1],"9":[1],"10":[0],"11":[0,0],"12":[0,0,0,0,0,0],"13":[0,0],"14":[0,0,0,0,0,0],"15":[0,0],"16":[0,0],"17":[0,0],"18":[0,0],"19":[0,0],"20":[0,0,0],"21":[0,0],"22":[0,0],"23":[0,0],"24":[0,0],"25":[0,0,0,0,0,0],"26":[0,0],"27":[0,0],"28":[0,0],"29":[0,0],"30":[0,0],"31":[0,0],"32":[0,0],"33":[0,0],"34":[0,0],"35":[0,0],"36":[0,0],"37":[0,0],"38":[0,0],"39":[0,0],"40":[0,0],"41":[0,0],"42":[0,0],"43":[0,0],"44":[0,0],"45":[0,0],"46":[0,0],"47":[0,0],"48":[0,0],"49":[0,0],"50":[0,0],"51":[0,0],"52":[0,0],"53":[0,0],"54":[0,0],"55":[0,0],"56":[0,0],"57":[0,0],"58":[0,0],"59":[0,0],"60":[0,0],"61":[0,0],"62":[0,0],"63":[0,0],"64":[0],"65":[0,0],"66":[0,0],"67":[0,0],"68":[0],"69":[0],"70":[0],"71":[0],"72":[0,0],"73":[0,0],"74":[0,0],"75":[0],"76":[0,0],"77":[0,0],"78":[0,0],"79":[0],"80":[0,0],"81":[0,0]},"meta":{"lastBranch":82,"lastFunction":38,"lastStatement":158,"seen":{"s:6:13:7:Infinity":0,"f:6:13:6:59":0,"s:7:2:7:Infinity":1,"b:6:73:6:Infinity":0,"s:11:13:17:Infinity":2,"f:11:13:11:Infinity":1,"s:12:2:17:Infinity":3,"s:21:13:39:Infinity":4,"f:21:13:21:138":2,"s:28:2:39:Infinity":5,"b:23:14:23:Infinity":1,"b:25:10:25:Infinity":2,"b:26:10:26:Infinity":3,"b:32:16:32:41:32:41:32:Infinity":4,"b:33:16:33:59:33:59:33:Infinity":5,"b:34:18:34:57:34:57:34:60":6,"s:48:13:73:Infinity":6,"f:48:13:48:46":3,"b:48:68:48:79":7,"b:48:86:48:92":8,"b:48:104:48:108":9,"s:49:21:49:Infinity":7,"s:51:19:57:Infinity":8,"s:59:16:63:Infinity":9,"s:65:2:71:Infinity":10,"s:83:13:255:Infinity":11,"f:83:13:83:44":4,"b:83:78:83:82":10,"s:84:8:84:Infinity":12,"s:85:46:85:Infinity":13,"s:86:17:86:Infinity":14,"s:88:24:88:Infinity":15,"b:88:24:88:38:88:38:88:Infinity":11,"s:90:8:133:Infinity":16,"f:90:8:90:21":5,"s:91:20:91:Infinity":17,"b:94:6:106:Infinity:107:6:112:Infinity:113:6:119:Infinity:120:6:123:Infinity:124:6:129:Infinity:130:6:131:Infinity":12,"s:93:4:132:Infinity":18,"b:95:8:106:Infinity:100:15:106:Infinity":13,"s:95:8:106:Infinity":19,"s:97:10:99:Infinity":20,"s:102:10:105:Infinity":21,"s:108:8:112:Infinity":22,"s:114:8:119:Infinity":23,"s:121:8:123:Infinity":24,"s:125:8:129:Infinity":25,"s:131:8:131:Infinity":26,"s:135:8:144:Infinity":27,"f:135:8:135:24":6,"b:137:6:137:Infinity:138:6:138:Infinity:139:6:139:Infinity:140:6:140:Infinity:141:6:141:Infinity:142:6:142:Infinity":14,"s:136:4:143:Infinity":28,"s:137:20:137:Infinity":29,"s:138:18:138:Infinity":30,"s:139:19:139:Infinity":31,"s:140:18:140:Infinity":32,"s:141:18:141:Infinity":33,"s:142:15:142:Infinity":34,"s:146:8:152:Infinity":35,"f:146:8:146:24":7,"b:147:4:150:Infinity:undefined:undefined:undefined:undefined":15,"s:147:4:150:Infinity":36,"s:148:21:148:Infinity":37,"s:149:6:149:Infinity":38,"b:151:4:151:Infinity:undefined:undefined:undefined:undefined":16,"s:151:4:151:Infinity":39,"s:151:24:151:Infinity":40,"s:154:8:168:Infinity":41,"f:154:8:154:25":8,"b:155:4:166:Infinity:undefined:undefined:undefined:undefined":17,"s:155:4:166:Infinity":42,"b:155:8:155:22:155:22:155:37":18,"s:157:26:157:Infinity":43,"b:158:6:160:Infinity:undefined:undefined:undefined:undefined":19,"s:158:6:160:Infinity":44,"b:158:10:158:42:158:42:158:55:158:55:158:67":20,"s:159:8:159:Infinity":45,"b:163:6:165:Infinity:undefined:undefined:undefined:undefined":21,"s:163:6:165:Infinity":46,"s:164:8:164:Infinity":47,"b:167:4:167:Infinity:undefined:undefined:undefined:undefined":22,"s:167:4:167:Infinity":48,"s:167:25:167:Infinity":49,"s:170:8:175:Infinity":50,"f:170:8:170:28":9,"b:171:4:171:Infinity:undefined:undefined:undefined:undefined":23,"s:171:4:171:Infinity":51,"s:171:17:171:Infinity":52,"b:172:4:174:Infinity:undefined:undefined:undefined:undefined":24,"s:172:4:174:Infinity":53,"s:173:6:173:Infinity":54,"s:178:8:187:Infinity":55,"f:178:8:178:23":10,"b:180:6:180:Infinity:181:6:181:Infinity:182:6:182:Infinity:183:6:183:Infinity:184:6:184:Infinity:185:6:185:Infinity":25,"s:179:4:186:Infinity":56,"s:180:20:180:Infinity":57,"s:181:18:181:Infinity":58,"s:182:19:182:Infinity":59,"s:183:18:183:Infinity":60,"s:184:18:184:Infinity":61,"s:185:15:185:Infinity":62,"s:189:8:201:Infinity":63,"f:189:8:189:32":11,"b:190:4:199:Infinity:undefined:undefined:undefined:undefined":26,"s:190:4:199:Infinity":64,"b:190:8:190:18:190:18:190:31":27,"s:191:6:198:Infinity":65,"s:192:21:192:Infinity":66,"b:193:8:195:Infinity:undefined:undefined:undefined:undefined":28,"s:193:8:195:Infinity":67,"s:194:10:194:Infinity":68,"s:197:8:197:Infinity":69,"s:200:4:200:Infinity":70,"b:200:11:200:26:200:26:200:Infinity":29,"s:203:2:253:Infinity":71,"b:205:7:205:16:205:16:205:Infinity":30,"b:209:25:209:35:209:35:209:Infinity":31,"b:209:35:209:50:209:50:209:Infinity":32,"b:209:66:209:74:209:74:209:Infinity":33,"b:212:37:212:49:212:49:212:Infinity":34,"b:213:21:213:49:213:49:213:Infinity":35,"b:214:258:214:277:214:277:214:280":36,"b:214:305:214:330:214:330:214:333":37,"b:214:343:214:353:214:353:214:Infinity":38,"b:220:9:220:Infinity:221:10:223:Infinity":39,"b:225:9:225:Infinity:226:10:231:Infinity":40,"b:234:7:234:16:234:16:234:Infinity":41,"b:236:7:236:Infinity:237:8:251:Infinity":42,"f:239:10:239:25":12,"s:239:25:239:Infinity":72,"f:241:10:241:21":13,"s:243:29:243:Infinity":73,"b:243:29:243:36:243:36:243:Infinity":43,"s:244:26:247:Infinity":74,"b:248:12:248:Infinity:undefined:undefined:undefined:undefined":44,"s:248:12:248:Infinity":75,"s:248:32:248:Infinity":76,"s:249:12:249:Infinity":77,"s:265:6:438:Infinity":78,"f:265:6:265:57":14,"s:266:18:266:Infinity":79,"s:269:10:273:Infinity":80,"f:269:10:269:33":15,"b:270:8:270:Infinity:undefined:undefined:undefined:undefined":45,"s:270:8:270:Infinity":81,"s:270:20:270:Infinity":82,"s:271:18:271:Infinity":83,"s:272:8:272:Infinity":84,"b:272:36:272:44:272:44:272:Infinity":46,"s:275:36:275:Infinity":85,"s:276:28:276:Infinity":86,"s:277:40:277:Infinity":87,"s:280:4:287:Infinity":88,"f:280:10:280:26":16,"b:281:8:286:Infinity:undefined:undefined:undefined:undefined":47,"s:281:8:286:Infinity":89,"s:282:28:282:Infinity":90,"s:283:12:283:Infinity":91,"s:284:12:284:Infinity":92,"s:285:12:285:Infinity":93,"s:289:22:289:Infinity":94,"s:290:17:290:Infinity":95,"s:292:24:292:Infinity":96,"s:293:28:293:Infinity":97,"s:295:10:295:Infinity":98,"f:295:10:295:28":17,"s:295:28:295:Infinity":99,"s:296:10:296:Infinity":100,"f:296:10:296:28":18,"s:296:28:296:Infinity":101,"s:298:19:301:Infinity":102,"s:303:18:303:Infinity":103,"s:304:24:304:Infinity":104,"s:305:4:309:Infinity":105,"s:305:17:305:35":106,"b:306:8:308:Infinity:undefined:undefined:undefined:undefined":48,"s:306:8:308:Infinity":107,"b:306:12:306:33:306:33:306:68":49,"s:307:12:307:Infinity":108,"s:311:10:334:Infinity":109,"f:311:10:311:29":19,"s:312:21:312:Infinity":110,"s:313:8:315:Infinity":111,"s:313:21:313:24":112,"s:314:12:314:Infinity":113,"s:316:8:332:Infinity":114,"s:316:21:316:24":115,"s:317:28:317:Infinity":116,"s:318:31:318:Infinity":117,"s:319:28:319:Infinity":118,"s:321:12:331:Infinity":119,"f:325:20:325:35":20,"s:325:35:325:Infinity":120,"b:327:39:327:77:327:77:327:Infinity":50,"b:327:87:327:118:327:118:327:Infinity":51,"s:333:8:333:Infinity":121,"s:336:4:436:Infinity":122,"f:343:28:343:43":21,"s:343:43:343:Infinity":123,"b:343:71:343:80:343:80:343:88":52,"b:344:148:344:167:344:167:344:Infinity":53,"b:347:119:347:134:347:134:347:141":54,"f:351:28:351:43":22,"s:351:43:351:Infinity":124,"b:351:70:351:79:351:79:351:86":55,"b:352:143:352:162:352:162:352:Infinity":56,"b:355:118:355:133:355:133:355:140":57,"b:358:21:358:Infinity:359:24:364:Infinity":58,"b:367:21:367:Infinity:368:24:377:Infinity":59,"f:370:69:370:74":23,"s:371:36:371:Infinity":125,"b:380:21:380:Infinity:381:24:395:Infinity":60,"f:382:36:382:41":24,"s:383:32:393:Infinity":126,"f:386:36:386:51":25,"s:387:40:387:Infinity":127,"s:388:40:388:Infinity":128,"b:390:154:390:192:390:192:390:Infinity":61,"b:398:21:398:Infinity:399:24:427:Infinity":62,"f:408:36:408:46":26,"s:408:51:408:Infinity":129,"f:412:39:412:43":27,"s:413:36:424:Infinity":130,"f:416:40:416:55":28,"s:417:44:417:Infinity":131,"s:418:44:418:Infinity":132,"s:419:44:419:Infinity":133,"b:421:139:421:177:421:177:421:Infinity":63,"f:433:42:433:57":29,"s:433:59:433:104":134,"s:433:104:433:121":135,"s:446:13:457:Infinity":136,"f:446:13:446:50":30,"b:446:78:446:82":64,"s:447:2:455:Infinity":137,"b:449:7:449:16:449:16:449:Infinity":65,"b:451:238:451:257:451:257:451:260":66,"b:454:7:454:16:454:16:454:Infinity":67,"s:458:13:472:Infinity":138,"f:458:13:458:148":31,"b:458:170:458:181":68,"b:458:193:458:202":69,"s:459:17:465:Infinity":139,"s:467:2:470:Infinity":140,"s:475:13:499:Infinity":141,"f:475:13:475:Infinity":32,"b:483:35:483:41":70,"b:483:69:483:78":71,"s:484:22:488:Infinity":142,"s:490:2:497:Infinity":143,"b:491:162:491:188:491:188:491:210":72,"b:491:222:491:236:491:236:491:248":73,"b:493:8:495:9:495:8:495:Infinity":74,"s:502:13:540:Infinity":144,"f:502:13:502:Infinity":33,"s:510:2:540:Infinity":145,"b:509:54:509:Infinity":75,"b:512:6:523:Infinity:523:6:538:Infinity":76,"b:528:11:528:Infinity:529:12:533:Infinity":77,"b:529:115:529:176:529:176:529:Infinity":78,"s:552:13:595:Infinity":146,"f:552:13:552:44":34,"b:552:91:552:102":79,"s:553:2:562:Infinity":147,"f:553:8:553:24":35,"b:554:4:558:Infinity:556:11:558:Infinity":80,"s:554:4:558:Infinity":148,"s:555:6:555:Infinity":149,"s:557:6:557:Infinity":150,"s:559:4:561:Infinity":151,"f:559:4:559:17":36,"s:560:6:560:Infinity":152,"b:564:2:564:Infinity:undefined:undefined:undefined:undefined":81,"s:564:2:564:Infinity":153,"s:564:15:564:Infinity":154,"s:566:26:576:Infinity":155,"s:578:2:594:Infinity":156,"f:582:8:582:18":37,"s:582:24:582:Infinity":157}}}
,"C:\\Users\\netxt\\OneDrive\\Desktop\\ABCUNA\\ABCUNA-PROJECT\\lib\\supabase.ts": {"path":"C:\\Users\\netxt\\OneDrive\\Desktop\\ABCUNA\\ABCUNA-PROJECT\\lib\\supabase.ts","statementMap":{"0":{"start":{"line":4,"column":20},"end":{"line":4,"column":null}},"1":{"start":{"line":5,"column":20},"end":{"line":5,"column":null}},"2":{"start":{"line":7,"column":0},"end":{"line":9,"column":null}},"3":{"start":{"line":8,"column":4},"end":{"line":8,"column":null}},"4":{"start":{"line":12,"column":17},"end":{"line":12,"column":null}},"5":{"start":{"line":13,"column":17},"end":{"line":13,"column":null}},"6":{"start":{"line":15,"column":0},"end":{"line":17,"column":null}},"7":{"start":{"line":16,"column":4},"end":{"line":16,"column":null}},"8":{"start":{"line":19,"column":13},"end":{"line":19,"column":null}}},"fnMap":{},"branchMap":{"0":{"loc":{"start":{"line":7,"column":0},"end":{"line":9,"column":null}},"type":"if","locations":[{"start":{"line":7,"column":0},"end":{"line":9,"column":null}},{"start":{},"end":{}}],"line":7},"1":{"loc":{"start":{"line":7,"column":4},"end":{"line":7,"column":34}},"type":"binary-expr","locations":[{"start":{"line":7,"column":4},"end":{"line":7,"column":20}},{"start":{"line":7,"column":20},"end":{"line":7,"column":34}}],"line":7},"2":{"loc":{"start":{"line":12,"column":17},"end":{"line":12,"column":null}},"type":"binary-expr","locations":[{"start":{"line":12,"column":17},"end":{"line":12,"column":32}},{"start":{"line":12,"column":32},"end":{"line":12,"column":null}}],"line":12},"3":{"loc":{"start":{"line":13,"column":17},"end":{"line":13,"column":null}},"type":"binary-expr","locations":[{"start":{"line":13,"column":17},"end":{"line":13,"column":32}},{"start":{"line":13,"column":32},"end":{"line":13,"column":null}}],"line":13},"4":{"loc":{"start":{"line":15,"column":0},"end":{"line":17,"column":null}},"type":"if","locations":[{"start":{"line":15,"column":0},"end":{"line":17,"column":null}},{"start":{},"end":{}}],"line":15}},"s":{"0":1,"1":1,"2":1,"3":0,"4":1,"5":1,"6":1,"7":0,"8":1},"f":{},"b":{"0":[0,1],"1":[1,1],"2":[1,0],"3":[1,0],"4":[0,1]},"meta":{"lastBranch":5,"lastFunction":0,"lastStatement":9,"seen":{"s:4:20:4:Infinity":0,"s:5:20:5:Infinity":1,"b:7:0:9:Infinity:undefined:undefined:undefined:undefined":0,"s:7:0:9:Infinity":2,"b:7:4:7:20:7:20:7:34":1,"s:8:4:8:Infinity":3,"s:12:17:12:Infinity":4,"b:12:17:12:32:12:32:12:Infinity":2,"s:13:17:13:Infinity":5,"b:13:17:13:32:13:32:13:Infinity":3,"b:15:0:17:Infinity:undefined:undefined:undefined:undefined":4,"s:15:0:17:Infinity":6,"s:16:4:16:Infinity":7,"s:19:13:19:Infinity":8}}}
,"C:\\Users\\netxt\\OneDrive\\Desktop\\ABCUNA\\ABCUNA-PROJECT\\services\\aiAgent.ts": {"path":"C:\\Users\\netxt\\OneDrive\\Desktop\\ABCUNA\\ABCUNA-PROJECT\\services\\aiAgent.ts","statementMap":{"0":{"start":{"line":29,"column":21},"end":{"line":29,"column":null}},"1":{"start":{"line":30,"column":4},"end":{"line":30,"column":null}},"2":{"start":{"line":30,"column":37},"end":{"line":30,"column":null}},"3":{"start":{"line":33,"column":20},"end":{"line":33,"column":null}},"4":{"start":{"line":34,"column":4},"end":{"line":34,"column":null}},"5":{"start":{"line":34,"column":52},"end":{"line":34,"column":null}},"6":{"start":{"line":36,"column":4},"end":{"line":36,"column":null}},"7":{"start":{"line":37,"column":4},"end":{"line":37,"column":null}},"8":{"start":{"line":44,"column":4},"end":{"line":44,"column":null}},"9":{"start":{"line":48,"column":27},"end":{"line":48,"column":null}},"10":{"start":{"line":62,"column":21},"end":{"line":320,"column":null}},"11":{"start":{"line":322,"column":30},"end":{"line":697,"column":null}},"12":{"start":{"line":327,"column":35},"end":{"line":327,"column":null}},"13":{"start":{"line":328,"column":8},"end":{"line":328,"column":null}},"14":{"start":{"line":328,"column":19},"end":{"line":328,"column":null}},"15":{"start":{"line":330,"column":32},"end":{"line":334,"column":null}},"16":{"start":{"line":336,"column":8},"end":{"line":339,"column":null}},"17":{"start":{"line":337,"column":12},"end":{"line":337,"column":null}},"18":{"start":{"line":338,"column":12},"end":{"line":338,"column":null}},"19":{"start":{"line":341,"column":8},"end":{"line":341,"column":null}},"20":{"start":{"line":348,"column":35},"end":{"line":348,"column":null}},"21":{"start":{"line":349,"column":8},"end":{"line":349,"column":null}},"22":{"start":{"line":349,"column":19},"end":{"line":349,"column":null}},"23":{"start":{"line":351,"column":32},"end":{"line":361,"column":null}},"24":{"start":{"line":363,"column":8},"end":{"line":366,"column":null}},"25":{"start":{"line":364,"column":12},"end":{"line":364,"column":null}},"26":{"start":{"line":365,"column":12},"end":{"line":365,"column":null}},"27":{"start":{"line":368,"column":8},"end":{"line":368,"column":null}},"28":{"start":{"line":375,"column":35},"end":{"line":375,"column":null}},"29":{"start":{"line":376,"column":8},"end":{"line":376,"column":null}},"30":{"start":{"line":376,"column":19},"end":{"line":376,"column":null}},"31":{"start":{"line":378,"column":26},"end":{"line":381,"column":null}},"32":{"start":{"line":383,"column":8},"end":{"line":386,"column":null}},"33":{"start":{"line":384,"column":12},"end":{"line":384,"column":null}},"34":{"start":{"line":385,"column":12},"end":{"line":385,"column":null}},"35":{"start":{"line":397,"column":23},"end":{"line":397,"column":null}},"36":{"start":{"line":398,"column":8},"end":{"line":403,"column":null}},"37":{"start":{"line":399,"column":12},"end":{"line":402,"column":null}},"38":{"start":{"line":406,"column":41},"end":{"line":406,"column":null}},"39":{"start":{"line":409,"column":8},"end":{"line":414,"column":null}},"40":{"start":{"line":410,"column":12},"end":{"line":413,"column":null}},"41":{"start":{"line":417,"column":32},"end":{"line":417,"column":null}},"42":{"start":{"line":420,"column":8},"end":{"line":427,"column":null}},"43":{"start":{"line":421,"column":12},"end":{"line":426,"column":null}},"44":{"start":{"line":429,"column":8},"end":{"line":432,"column":null}},"45":{"start":{"line":435,"column":30},"end":{"line":435,"column":null}},"46":{"start":{"line":436,"column":31},"end":{"line":436,"column":null}},"47":{"start":{"line":437,"column":20},"end":{"line":437,"column":null}},"48":{"start":{"line":439,"column":8},"end":{"line":502,"column":null}},"49":{"start":{"line":441,"column":27},"end":{"line":450,"column":null}},"50":{"start":{"line":453,"column":12},"end":{"line":474,"column":null}},"51":{"start":{"line":454,"column":32},"end":{"line":454,"column":null}},"52":{"start":{"line":455,"column":31},"end":{"line":455,"column":null}},"53":{"start":{"line":456,"column":39},"end":{"line":456,"column":null}},"54":{"start":{"line":457,"column":16},"end":{"line":473,"column":null}},"55":{"start":{"line":458,"column":20},"end":{"line":458,"column":null}},"56":{"start":{"line":459,"column":40},"end":{"line":459,"column":null}},"57":{"start":{"line":460,"column":20},"end":{"line":469,"column":null}},"58":{"start":{"line":471,"column":20},"end":{"line":471,"column":null}},"59":{"start":{"line":472,"column":20},"end":{"line":472,"column":null}},"60":{"start":{"line":476,"column":25},"end":{"line":476,"column":null}},"61":{"start":{"line":477,"column":30},"end":{"line":477,"column":null}},"62":{"start":{"line":478,"column":28},"end":{"line":478,"column":null}},"63":{"start":{"line":479,"column":26},"end":{"line":479,"column":null}},"64":{"start":{"line":481,"column":31},"end":{"line":481,"column":null}},"65":{"start":{"line":482,"column":59},"end":{"line":482,"column":null}},"66":{"start":{"line":483,"column":12},"end":{"line":494,"column":null}},"67":{"start":{"line":484,"column":16},"end":{"line":484,"column":null}},"68":{"start":{"line":484,"column":31},"end":{"line":484,"column":null}},"69":{"start":{"line":485,"column":16},"end":{"line":493,"column":null}},"70":{"start":{"line":486,"column":31},"end":{"line":486,"column":null}},"71":{"start":{"line":487,"column":20},"end":{"line":492,"column":null}},"72":{"start":{"line":495,"column":12},"end":{"line":497,"column":null}},"73":{"start":{"line":496,"column":16},"end":{"line":496,"column":null}},"74":{"start":{"line":498,"column":12},"end":{"line":498,"column":null}},"75":{"start":{"line":500,"column":12},"end":{"line":500,"column":null}},"76":{"start":{"line":501,"column":12},"end":{"line":501,"column":null}},"77":{"start":{"line":509,"column":8},"end":{"line":540,"column":null}},"78":{"start":{"line":510,"column":12},"end":{"line":536,"column":null}},"79":{"start":{"line":512,"column":26},"end":{"line":512,"column":null}},"80":{"start":{"line":513,"column":66},"end":{"line":517,"column":null}},"81":{"start":{"line":519,"column":20},"end":{"line":519,"column":null}},"82":{"start":{"line":519,"column":34},"end":{"line":519,"column":null}},"83":{"start":{"line":520,"column":20},"end":{"line":520,"column":null}},"84":{"start":{"line":523,"column":43},"end":{"line":523,"column":null}},"85":{"start":{"line":524,"column":20},"end":{"line":524,"column":null}},"86":{"start":{"line":524,"column":54},"end":{"line":524,"column":80}},"87":{"start":{"line":527,"column":36},"end":{"line":527,"column":null}},"88":{"start":{"line":528,"column":41},"end":{"line":528,"column":null}},"89":{"start":{"line":529,"column":20},"end":{"line":532,"column":null}},"90":{"start":{"line":535,"column":20},"end":{"line":535,"column":null}},"91":{"start":{"line":538,"column":12},"end":{"line":538,"column":null}},"92":{"start":{"line":539,"column":12},"end":{"line":539,"column":null}},"93":{"start":{"line":547,"column":8},"end":{"line":559,"column":null}},"94":{"start":{"line":548,"column":39},"end":{"line":548,"column":null}},"95":{"start":{"line":549,"column":12},"end":{"line":556,"column":null}},"96":{"start":{"line":558,"column":12},"end":{"line":558,"column":null}},"97":{"start":{"line":567,"column":8},"end":{"line":567,"column":null}},"98":{"start":{"line":569,"column":8},"end":{"line":695,"column":null}},"99":{"start":{"line":571,"column":12},"end":{"line":673,"column":null}},"100":{"start":{"line":574,"column":20},"end":{"line":583,"column":null}},"101":{"start":{"line":586,"column":20},"end":{"line":589,"column":null}},"102":{"start":{"line":591,"column":20},"end":{"line":591,"column":null}},"103":{"start":{"line":594,"column":20},"end":{"line":602,"column":null}},"104":{"start":{"line":603,"column":20},"end":{"line":603,"column":null}},"105":{"start":{"line":606,"column":20},"end":{"line":614,"column":null}},"106":{"start":{"line":615,"column":20},"end":{"line":615,"column":null}},"107":{"start":{"line":618,"column":20},"end":{"line":627,"column":null}},"108":{"start":{"line":628,"column":20},"end":{"line":628,"column":null}},"109":{"start":{"line":631,"column":20},"end":{"line":644,"column":null}},"110":{"start":{"line":645,"column":20},"end":{"line":645,"column":null}},"111":{"start":{"line":649,"column":44},"end":{"line":649,"column":null}},"112":{"start":{"line":650,"column":20},"end":{"line":650,"column":null}},"113":{"start":{"line":651,"column":20},"end":{"line":654,"column":null}},"114":{"start":{"line":655,"column":20},"end":{"line":655,"column":null}},"115":{"start":{"line":659,"column":42},"end":{"line":659,"column":null}},"116":{"start":{"line":661,"column":20},"end":{"line":668,"column":null}},"117":{"start":{"line":669,"column":20},"end":{"line":669,"column":null}},"118":{"start":{"line":672,"column":20},"end":{"line":672,"column":null}},"119":{"start":{"line":676,"column":12},"end":{"line":680,"column":null}},"120":{"start":{"line":682,"column":12},"end":{"line":682,"column":null}},"121":{"start":{"line":685,"column":12},"end":{"line":685,"column":null}},"122":{"start":{"line":688,"column":12},"end":{"line":692,"column":null}},"123":{"start":{"line":694,"column":12},"end":{"line":694,"column":null}},"124":{"start":{"line":703,"column":4},"end":{"line":720,"column":null}},"125":{"start":{"line":705,"column":12},"end":{"line":705,"column":null}},"126":{"start":{"line":707,"column":12},"end":{"line":707,"column":null}},"127":{"start":{"line":709,"column":12},"end":{"line":709,"column":null}},"128":{"start":{"line":711,"column":12},"end":{"line":711,"column":null}},"129":{"start":{"line":713,"column":12},"end":{"line":713,"column":null}},"130":{"start":{"line":715,"column":12},"end":{"line":715,"column":null}},"131":{"start":{"line":717,"column":12},"end":{"line":717,"column":null}},"132":{"start":{"line":719,"column":12},"end":{"line":719,"column":null}}},"fnMap":{"0":{"name":"getGeminiApiKey","decl":{"start":{"line":28,"column":16},"end":{"line":28,"column":42}},"loc":{"start":{"line":28,"column":42},"end":{"line":38,"column":null}},"line":28},"1":{"name":"hasApiKey","decl":{"start":{"line":43,"column":16},"end":{"line":43,"column":37}},"loc":{"start":{"line":43,"column":37},"end":{"line":45,"column":null}},"line":43},"2":{"name":"(anonymous_2)","decl":{"start":{"line":326,"column":10},"end":{"line":326,"column":49}},"loc":{"start":{"line":326,"column":49},"end":{"line":342,"column":null}},"line":326},"3":{"name":"(anonymous_3)","decl":{"start":{"line":347,"column":10},"end":{"line":347,"column":22}},"loc":{"start":{"line":347,"column":129},"end":{"line":369,"column":null}},"line":347},"4":{"name":"(anonymous_4)","decl":{"start":{"line":374,"column":10},"end":{"line":374,"column":40}},"loc":{"start":{"line":374,"column":40},"end":{"line":387,"column":null}},"line":374},"5":{"name":"(anonymous_5)","decl":{"start":{"line":392,"column":10},"end":{"line":392,"column":null}},"loc":{"start":{"line":396,"column":75},"end":{"line":503,"column":null}},"line":396},"6":{"name":"(anonymous_6)","decl":{"start":{"line":409,"column":16},"end":{"line":409,"column":24}},"loc":{"start":{"line":409,"column":31},"end":{"line":414,"column":9}},"line":409},"7":{"name":"(anonymous_7)","decl":{"start":{"line":508,"column":10},"end":{"line":508,"column":27}},"loc":{"start":{"line":508,"column":74},"end":{"line":541,"column":null}},"line":508},"8":{"name":"(anonymous_8)","decl":{"start":{"line":524,"column":42},"end":{"line":524,"column":49}},"loc":{"start":{"line":524,"column":54},"end":{"line":524,"column":80}},"line":524},"9":{"name":"(anonymous_9)","decl":{"start":{"line":546,"column":10},"end":{"line":546,"column":25}},"loc":{"start":{"line":546,"column":132},"end":{"line":560,"column":null}},"line":546},"10":{"name":"(anonymous_10)","decl":{"start":{"line":565,"column":10},"end":{"line":565,"column":33}},"loc":{"start":{"line":565,"column":123},"end":{"line":696,"column":null}},"line":565},"11":{"name":"getFriendlyActionLabel","decl":{"start":{"line":702,"column":9},"end":{"line":702,"column":32}},"loc":{"start":{"line":702,"column":73},"end":{"line":721,"column":null}},"line":702}},"branchMap":{"0":{"loc":{"start":{"line":30,"column":4},"end":{"line":30,"column":null}},"type":"if","locations":[{"start":{"line":30,"column":4},"end":{"line":30,"column":null}},{"start":{},"end":{}}],"line":30},"1":{"loc":{"start":{"line":30,"column":8},"end":{"line":30,"column":37}},"type":"binary-expr","locations":[{"start":{"line":30,"column":8},"end":{"line":30,"column":20}},{"start":{"line":30,"column":20},"end":{"line":30,"column":37}}],"line":30},"2":{"loc":{"start":{"line":33,"column":20},"end":{"line":33,"column":null}},"type":"binary-expr","locations":[{"start":{"line":33,"column":20},"end":{"line":33,"column":59}},{"start":{"line":33,"column":59},"end":{"line":33,"column":null}}],"line":33},"3":{"loc":{"start":{"line":34,"column":4},"end":{"line":34,"column":null}},"type":"if","locations":[{"start":{"line":34,"column":4},"end":{"line":34,"column":null}},{"start":{},"end":{}}],"line":34},"4":{"loc":{"start":{"line":34,"column":8},"end":{"line":34,"column":52}},"type":"binary-expr","locations":[{"start":{"line":34,"column":8},"end":{"line":34,"column":18}},{"start":{"line":34,"column":18},"end":{"line":34,"column":52}}],"line":34},"5":{"loc":{"start":{"line":328,"column":8},"end":{"line":328,"column":null}},"type":"if","locations":[{"start":{"line":328,"column":8},"end":{"line":328,"column":null}},{"start":{},"end":{}}],"line":328},"6":{"loc":{"start":{"line":336,"column":8},"end":{"line":339,"column":null}},"type":"if","locations":[{"start":{"line":336,"column":8},"end":{"line":339,"column":null}},{"start":{},"end":{}}],"line":336},"7":{"loc":{"start":{"line":341,"column":15},"end":{"line":341,"column":null}},"type":"binary-expr","locations":[{"start":{"line":341,"column":15},"end":{"line":341,"column":23}},{"start":{"line":341,"column":23},"end":{"line":341,"column":null}}],"line":341},"8":{"loc":{"start":{"line":349,"column":8},"end":{"line":349,"column":null}},"type":"if","locations":[{"start":{"line":349,"column":8},"end":{"line":349,"column":null}},{"start":{},"end":{}}],"line":349},"9":{"loc":{"start":{"line":357,"column":26},"end":{"line":357,"column":null}},"type":"binary-expr","locations":[{"start":{"line":357,"column":26},"end":{"line":357,"column":37}},{"start":{"line":357,"column":37},"end":{"line":357,"column":null}}],"line":357},"10":{"loc":{"start":{"line":358,"column":27},"end":{"line":358,"column":null}},"type":"binary-expr","locations":[{"start":{"line":358,"column":27},"end":{"line":358,"column":39}},{"start":{"line":358,"column":39},"end":{"line":358,"column":null}}],"line":358},"11":{"loc":{"start":{"line":363,"column":8},"end":{"line":366,"column":null}},"type":"if","locations":[{"start":{"line":363,"column":8},"end":{"line":366,"column":null}},{"start":{},"end":{}}],"line":363},"12":{"loc":{"start":{"line":376,"column":8},"end":{"line":376,"column":null}},"type":"if","locations":[{"start":{"line":376,"column":8},"end":{"line":376,"column":null}},{"start":{},"end":{}}],"line":376},"13":{"loc":{"start":{"line":383,"column":8},"end":{"line":386,"column":null}},"type":"if","locations":[{"start":{"line":383,"column":8},"end":{"line":386,"column":null}},{"start":{},"end":{}}],"line":383},"14":{"loc":{"start":{"line":398,"column":8},"end":{"line":403,"column":null}},"type":"if","locations":[{"start":{"line":398,"column":8},"end":{"line":403,"column":null}},{"start":{},"end":{}}],"line":398},"15":{"loc":{"start":{"line":411,"column":22},"end":{"line":411,"column":null}},"type":"cond-expr","locations":[{"start":{"line":411,"column":44},"end":{"line":411,"column":53}},{"start":{"line":411,"column":53},"end":{"line":411,"column":null}}],"line":411},"16":{"loc":{"start":{"line":420,"column":8},"end":{"line":427,"column":null}},"type":"if","locations":[{"start":{"line":420,"column":8},"end":{"line":427,"column":null}},{"start":{},"end":{}}],"line":420},"17":{"loc":{"start":{"line":453,"column":12},"end":{"line":474,"column":null}},"type":"if","locations":[{"start":{"line":453,"column":12},"end":{"line":474,"column":null}},{"start":{},"end":{}}],"line":453},"18":{"loc":{"start":{"line":455,"column":31},"end":{"line":455,"column":null}},"type":"binary-expr","locations":[{"start":{"line":455,"column":31},"end":{"line":455,"column":72}},{"start":{"line":455,"column":72},"end":{"line":455,"column":null}}],"line":455},"19":{"loc":{"start":{"line":456,"column":39},"end":{"line":456,"column":null}},"type":"binary-expr","locations":[{"start":{"line":456,"column":39},"end":{"line":456,"column":67}},{"start":{"line":456,"column":67},"end":{"line":456,"column":95}},{"start":{"line":456,"column":95},"end":{"line":456,"column":null}}],"line":456},"20":{"loc":{"start":{"line":457,"column":16},"end":{"line":473,"column":null}},"type":"if","locations":[{"start":{"line":457,"column":16},"end":{"line":473,"column":null}},{"start":{"line":470,"column":23},"end":{"line":473,"column":null}}],"line":457},"21":{"loc":{"start":{"line":472,"column":36},"end":{"line":472,"column":92}},"type":"binary-expr","locations":[{"start":{"line":472,"column":36},"end":{"line":472,"column":62}},{"start":{"line":472,"column":62},"end":{"line":472,"column":92}}],"line":472},"22":{"loc":{"start":{"line":479,"column":26},"end":{"line":479,"column":null}},"type":"binary-expr","locations":[{"start":{"line":479,"column":26},"end":{"line":479,"column":44}},{"start":{"line":479,"column":44},"end":{"line":479,"column":null}}],"line":479},"23":{"loc":{"start":{"line":484,"column":16},"end":{"line":484,"column":null}},"type":"if","locations":[{"start":{"line":484,"column":16},"end":{"line":484,"column":null}},{"start":{},"end":{}}],"line":484},"24":{"loc":{"start":{"line":485,"column":16},"end":{"line":493,"column":null}},"type":"if","locations":[{"start":{"line":485,"column":16},"end":{"line":493,"column":null}},{"start":{},"end":{}}],"line":485},"25":{"loc":{"start":{"line":495,"column":12},"end":{"line":497,"column":null}},"type":"if","locations":[{"start":{"line":495,"column":12},"end":{"line":497,"column":null}},{"start":{},"end":{}}],"line":495},"26":{"loc":{"start":{"line":495,"column":16},"end":{"line":495,"column":48}},"type":"binary-expr","locations":[{"start":{"line":495,"column":16},"end":{"line":495,"column":33}},{"start":{"line":495,"column":33},"end":{"line":495,"column":48}}],"line":495},"27":{"loc":{"start":{"line":498,"column":27},"end":{"line":498,"column":81}},"type":"binary-expr","locations":[{"start":{"line":498,"column":27},"end":{"line":498,"column":43}},{"start":{"line":498,"column":43},"end":{"line":498,"column":81}}],"line":498},"28":{"loc":{"start":{"line":501,"column":92},"end":{"line":501,"column":152}},"type":"binary-expr","locations":[{"start":{"line":501,"column":92},"end":{"line":501,"column":109}},{"start":{"line":501,"column":109},"end":{"line":501,"column":152}}],"line":501},"29":{"loc":{"start":{"line":510,"column":12},"end":{"line":536,"column":null}},"type":"switch","locations":[{"start":{"line":511,"column":16},"end":{"line":520,"column":null}},{"start":{"line":522,"column":16},"end":{"line":524,"column":null}},{"start":{"line":526,"column":16},"end":{"line":532,"column":null}},{"start":{"line":534,"column":16},"end":{"line":535,"column":null}}],"line":510},"30":{"loc":{"start":{"line":512,"column":35},"end":{"line":512,"column":53}},"type":"binary-expr","locations":[{"start":{"line":512,"column":35},"end":{"line":512,"column":49}},{"start":{"line":512,"column":49},"end":{"line":512,"column":53}}],"line":512},"31":{"loc":{"start":{"line":519,"column":20},"end":{"line":519,"column":null}},"type":"if","locations":[{"start":{"line":519,"column":20},"end":{"line":519,"column":null}},{"start":{},"end":{}}],"line":519},"32":{"loc":{"start":{"line":520,"column":27},"end":{"line":520,"column":null}},"type":"binary-expr","locations":[{"start":{"line":520,"column":27},"end":{"line":520,"column":41}},{"start":{"line":520,"column":41},"end":{"line":520,"column":null}}],"line":520},"33":{"loc":{"start":{"line":539,"column":28},"end":{"line":539,"column":68}},"type":"binary-expr","locations":[{"start":{"line":539,"column":28},"end":{"line":539,"column":43}},{"start":{"line":539,"column":43},"end":{"line":539,"column":68}}],"line":539},"34":{"loc":{"start":{"line":550,"column":25},"end":{"line":550,"column":null}},"type":"binary-expr","locations":[{"start":{"line":550,"column":25},"end":{"line":550,"column":37}},{"start":{"line":550,"column":37},"end":{"line":550,"column":null}}],"line":550},"35":{"loc":{"start":{"line":554,"column":25},"end":{"line":554,"column":null}},"type":"binary-expr","locations":[{"start":{"line":554,"column":25},"end":{"line":554,"column":36}},{"start":{"line":554,"column":36},"end":{"line":554,"column":null}}],"line":554},"36":{"loc":{"start":{"line":555,"column":31},"end":{"line":555,"column":null}},"type":"binary-expr","locations":[{"start":{"line":555,"column":31},"end":{"line":555,"column":47}},{"start":{"line":555,"column":47},"end":{"line":555,"column":null}}],"line":555},"37":{"loc":{"start":{"line":571,"column":12},"end":{"line":673,"column":null}},"type":"switch","locations":[{"start":{"line":572,"column":16},"end":{"line":591,"column":null}},{"start":{"line":593,"column":16},"end":{"line":603,"column":null}},{"start":{"line":605,"column":16},"end":{"line":615,"column":null}},{"start":{"line":617,"column":16},"end":{"line":628,"column":null}},{"start":{"line":630,"column":16},"end":{"line":645,"column":null}},{"start":{"line":647,"column":16},"end":{"line":655,"column":null}},{"start":{"line":657,"column":16},"end":{"line":669,"column":null}},{"start":{"line":671,"column":16},"end":{"line":672,"column":null}}],"line":571},"38":{"loc":{"start":{"line":582,"column":31},"end":{"line":582,"column":null}},"type":"binary-expr","locations":[{"start":{"line":582,"column":31},"end":{"line":582,"column":45}},{"start":{"line":582,"column":45},"end":{"line":582,"column":null}}],"line":582},"39":{"loc":{"start":{"line":598,"column":34},"end":{"line":598,"column":null}},"type":"binary-expr","locations":[{"start":{"line":598,"column":34},"end":{"line":598,"column":51}},{"start":{"line":598,"column":51},"end":{"line":598,"column":null}}],"line":598},"40":{"loc":{"start":{"line":601,"column":31},"end":{"line":601,"column":null}},"type":"binary-expr","locations":[{"start":{"line":601,"column":31},"end":{"line":601,"column":45}},{"start":{"line":601,"column":45},"end":{"line":601,"column":null}}],"line":601},"41":{"loc":{"start":{"line":610,"column":34},"end":{"line":610,"column":null}},"type":"binary-expr","locations":[{"start":{"line":610,"column":34},"end":{"line":610,"column":51}},{"start":{"line":610,"column":51},"end":{"line":610,"column":null}}],"line":610},"42":{"loc":{"start":{"line":613,"column":31},"end":{"line":613,"column":null}},"type":"binary-expr","locations":[{"start":{"line":613,"column":31},"end":{"line":613,"column":45}},{"start":{"line":613,"column":45},"end":{"line":613,"column":null}}],"line":613},"43":{"loc":{"start":{"line":620,"column":37},"end":{"line":620,"column":null}},"type":"binary-expr","locations":[{"start":{"line":620,"column":37},"end":{"line":620,"column":57}},{"start":{"line":620,"column":57},"end":{"line":620,"column":null}}],"line":620},"44":{"loc":{"start":{"line":622,"column":30},"end":{"line":622,"column":null}},"type":"binary-expr","locations":[{"start":{"line":622,"column":30},"end":{"line":622,"column":43}},{"start":{"line":622,"column":43},"end":{"line":622,"column":null}}],"line":622},"45":{"loc":{"start":{"line":623,"column":34},"end":{"line":623,"column":null}},"type":"binary-expr","locations":[{"start":{"line":623,"column":34},"end":{"line":623,"column":51}},{"start":{"line":623,"column":51},"end":{"line":623,"column":null}}],"line":623},"46":{"loc":{"start":{"line":624,"column":30},"end":{"line":624,"column":null}},"type":"binary-expr","locations":[{"start":{"line":624,"column":30},"end":{"line":624,"column":43}},{"start":{"line":624,"column":43},"end":{"line":624,"column":null}}],"line":624},"47":{"loc":{"start":{"line":626,"column":36},"end":{"line":626,"column":null}},"type":"binary-expr","locations":[{"start":{"line":626,"column":36},"end":{"line":626,"column":55}},{"start":{"line":626,"column":55},"end":{"line":626,"column":null}}],"line":626},"48":{"loc":{"start":{"line":636,"column":34},"end":{"line":636,"column":null}},"type":"binary-expr","locations":[{"start":{"line":636,"column":34},"end":{"line":636,"column":51}},{"start":{"line":636,"column":51},"end":{"line":636,"column":null}}],"line":636},"49":{"loc":{"start":{"line":637,"column":42},"end":{"line":637,"column":61}},"type":"binary-expr","locations":[{"start":{"line":637,"column":42},"end":{"line":637,"column":60}},{"start":{"line":637,"column":60},"end":{"line":637,"column":61}}],"line":637},"50":{"loc":{"start":{"line":638,"column":32},"end":{"line":638,"column":null}},"type":"binary-expr","locations":[{"start":{"line":638,"column":32},"end":{"line":638,"column":47}},{"start":{"line":638,"column":47},"end":{"line":638,"column":null}}],"line":638},"51":{"loc":{"start":{"line":639,"column":37},"end":{"line":639,"column":null}},"type":"binary-expr","locations":[{"start":{"line":639,"column":37},"end":{"line":639,"column":57}},{"start":{"line":639,"column":57},"end":{"line":639,"column":null}}],"line":639},"52":{"loc":{"start":{"line":659,"column":89},"end":{"line":659,"column":112}},"type":"binary-expr","locations":[{"start":{"line":659,"column":89},"end":{"line":659,"column":110}},{"start":{"line":659,"column":110},"end":{"line":659,"column":112}}],"line":659},"53":{"loc":{"start":{"line":664,"column":30},"end":{"line":664,"column":null}},"type":"binary-expr","locations":[{"start":{"line":664,"column":30},"end":{"line":664,"column":43}},{"start":{"line":664,"column":43},"end":{"line":664,"column":null}}],"line":664},"54":{"loc":{"start":{"line":666,"column":39},"end":{"line":666,"column":null}},"type":"cond-expr","locations":[{"start":{"line":666,"column":66},"end":{"line":666,"column":82}},{"start":{"line":666,"column":82},"end":{"line":666,"column":null}}],"line":666},"55":{"loc":{"start":{"line":689,"column":57},"end":{"line":689,"column":93}},"type":"binary-expr","locations":[{"start":{"line":689,"column":57},"end":{"line":689,"column":72}},{"start":{"line":689,"column":72},"end":{"line":689,"column":93}}],"line":689},"56":{"loc":{"start":{"line":694,"column":44},"end":{"line":694,"column":88}},"type":"binary-expr","locations":[{"start":{"line":694,"column":44},"end":{"line":694,"column":59}},{"start":{"line":694,"column":59},"end":{"line":694,"column":88}}],"line":694},"57":{"loc":{"start":{"line":703,"column":4},"end":{"line":720,"column":null}},"type":"switch","locations":[{"start":{"line":704,"column":8},"end":{"line":705,"column":null}},{"start":{"line":706,"column":8},"end":{"line":707,"column":null}},{"start":{"line":708,"column":8},"end":{"line":709,"column":null}},{"start":{"line":710,"column":8},"end":{"line":711,"column":null}},{"start":{"line":712,"column":8},"end":{"line":713,"column":null}},{"start":{"line":714,"column":8},"end":{"line":715,"column":null}},{"start":{"line":716,"column":8},"end":{"line":717,"column":null}},{"start":{"
[...]
44:Infinity":51,"s:147:31:147:Infinity":52,"f:147:46:147:50":8,"s:147:55:147:63":53,"s:148:18:148:Infinity":54,"b:148:32:148:48:148:48:148:52":20,"s:152:31:158:Infinity":55,"f:152:42:152:49":9,"s:153:40:153:Infinity":56,"s:154:22:154:Infinity":57,"b:154:39:154:54:154:54:154:58":21,"s:155:39:155:Infinity":58,"b:155:39:155:54:155:54:155:92:155:92:155:Infinity":22,"s:157:16:157:Infinity":59,"b:157:23:157:43:157:43:157:Infinity":23,"s:161:27:161:Infinity":60,"f:161:38:161:45":10,"s:161:50:161:82":61,"s:164:27:164:Infinity":62,"f:164:38:164:45":11,"s:164:50:164:81":63,"s:167:18:181:Infinity":64,"f:167:18:167:32":12,"s:168:16:180:Infinity":65,"f:168:28:168:34":13,"b:170:20:172:Infinity:undefined:undefined:undefined:undefined":24,"s:170:20:172:Infinity":66,"b:170:25:170:43:170:43:170:51":25,"b:170:51:170:69:170:69:170:73":26,"s:171:24:171:Infinity":67,"b:171:32:171:50:171:50:171:56":27,"b:171:56:171:74:171:74:171:Infinity":28,"s:174:34:174:Infinity":68,"b:174:54:174:94:174:94:174:Infinity":29,"s:175:34:175:Infinity":69,"b:175:54:175:94:175:94:175:Infinity":30,"b:176:20:176:Infinity:undefined:undefined:undefined:undefined":31,"s:176:20:176:Infinity":70,"s:176:41:176:Infinity":71,"s:179:20:179:Infinity":72,"s:183:33:183:Infinity":73,"s:184:33:184:Infinity":74,"s:187:36:187:Infinity":75,"s:190:27:190:Infinity":76,"b:193:12:197:Infinity:undefined:undefined:undefined:undefined":32,"s:193:12:197:Infinity":77,"s:194:34:194:Infinity":78,"s:195:34:195:Infinity":79,"s:196:16:196:Infinity":80,"s:204:51:211:Infinity":81,"f:204:60:204:64":14,"s:204:70:211:14":82,"s:213:29:213:Infinity":83,"s:216:34:218:Infinity":84,"f:216:43:216:51":15,"s:217:16:217:Infinity":85,"f:217:18:217:28":16,"s:217:34:217:75":86,"b:217:34:217:59:217:59:217:75":33,"s:220:12:220:Infinity":87,"s:223:12:223:Infinity":88,"s:224:12:224:Infinity":89,"f:231:10:231:20":17,"s:233:32:237:Infinity":90,"b:239:8:239:Infinity:undefined:undefined:undefined:undefined":34,"s:239:8:239:Infinity":91,"s:239:20:239:Infinity":92,"s:242:26:247:Infinity":93,"b:249:8:249:Infinity:undefined:undefined:undefined:undefined":35,"s:249:8:249:Infinity":94,"s:249:19:249:Infinity":95,"s:252:25:252:Infinity":96,"s:253:8:259:Infinity":97,"f:265:10:265:24":18,"s:266:26:269:Infinity":98,"b:271:8:271:Infinity:undefined:undefined:undefined:undefined":36,"s:271:8:271:Infinity":99,"s:271:19:271:Infinity":100,"f:277:10:277:26":19,"s:279:32:283:Infinity":101,"b:285:8:285:Infinity:undefined:undefined:undefined:undefined":37,"s:285:8:285:Infinity":102,"s:285:20:285:Infinity":103,"s:287:31:287:Infinity":104,"b:287:31:287:58:287:58:287:Infinity":38,"s:288:23:288:Infinity":105,"f:288:31:288:36":20,"s:288:41:288:60":106,"s:289:27:289:Infinity":107,"b:289:36:289:50:289:50:289:Infinity":39,"s:292:26:296:Infinity":108,"b:298:8:298:Infinity:undefined:undefined:undefined:undefined":40,"s:298:8:298:Infinity":109,"s:298:19:298:Infinity":110,"b:301:8:310:Infinity:undefined:undefined:undefined:undefined":41,"s:301:8:310:Infinity":111,"s:302:29:302:Infinity":112,"s:303:12:309:Infinity":113,"f:317:10:317:24":21,"s:319:32:323:Infinity":114,"b:325:8:325:Infinity:undefined:undefined:undefined:undefined":42,"s:325:8:325:Infinity":115,"s:325:20:325:Infinity":116,"b:326:8:326:Infinity:undefined:undefined:undefined:undefined":43,"s:326:8:326:Infinity":117,"s:326:41:326:Infinity":118,"s:328:37:328:Infinity":119,"b:328:37:328:64:328:64:328:Infinity":44,"s:331:29:331:Infinity":120,"f:331:37:331:44":22,"s:331:49:331:85":121,"b:331:49:331:77:331:77:331:85":45,"s:333:8:342:Infinity":122,"s:335:12:335:Infinity":123,"s:338:12:341:Infinity":124,"s:345:26:348:Infinity":125,"b:350:8:350:Infinity:undefined:undefined:undefined:undefined":46,"s:350:8:350:Infinity":126,"s:350:19:350:Infinity":127,"s:353:8:358:Infinity":128,"f:357:40:357:44":23,"s:357:49:357:57":129,"f:362:9:362:23":24,"s:363:21:363:Infinity":130,"s:364:19:364:Infinity":131,"b:364:34:364:59:364:59:364:Infinity":47,"s:367:31:367:Infinity":132,"s:368:25:368:Infinity":133,"s:370:20:370:Infinity":134,"s:371:19:371:Infinity":135,"s:372:20:372:Infinity":136,"s:375:33:375:Infinity":137,"b:376:4:389:Infinity:undefined:undefined:undefined:undefined":48,"s:376:4:389:Infinity":138,"s:377:8:388:Infinity":139,"f:377:40:377:45":25,"b:378:12:386:Infinity:undefined:undefined:undefined:undefined":49,"s:378:12:386:Infinity":140,"s:379:16:385:Infinity":141,"s:387:12:387:Infinity":142,"s:391:28:391:Infinity":143,"b:391:37:391:87:391:87:391:Infinity":50,"s:394:31:396:Infinity":144,"b:395:10:395:Infinity:396:11:396:Infinity":51,"b:396:11:396:61:396:61:396:Infinity":52,"s:398:29:400:Infinity":145,"b:399:10:399:Infinity:400:11:400:Infinity":53,"b:400:11:400:59:400:59:400:Infinity":54,"s:402:4:418:Infinity":146,"b:404:18:404:51:404:51:404:84:404:84:404:Infinity":55,"b:408:16:408:30:408:30:408:Infinity":56,"b:410:18:410:34:410:34:410:Infinity":57,"b:413:23:413:37:413:37:413:38":58,"b:414:19:414:36:414:36:414:Infinity":59,"b:415:19:415:36:415:36:415:Infinity":60,"f:421:9:421:17":26,"s:422:23:422:Infinity":147,"b:423:4:423:Infinity:undefined:undefined:undefined:undefined":61,"s:423:4:423:Infinity":148,"s:423:34:423:Infinity":149,"b:425:4:431:Infinity:undefined:undefined:undefined:undefined":62,"s:425:4:431:Infinity":150,"s:426:25:426:Infinity":151,"s:427:23:427:Infinity":152,"b:427:23:427:42:427:42:427:Infinity":63,"s:428:8:428:Infinity":153,"s:429:21:429:Infinity":154,"b:429:21:429:38:429:38:429:Infinity":64,"s:430:8:430:Infinity":155,"b:433:4:433:Infinity:undefined:undefined:undefined:undefined":65,"s:433:4:433:Infinity":156,"s:433:36:433:Infinity":157,"b:434:4:434:Infinity:undefined:undefined:undefined:undefined":66,"s:434:4:434:Infinity":158,"s:434:36:434:Infinity":159,"b:435:4:435:Infinity:undefined:undefined:undefined:undefined":67,"s:435:4:435:Infinity":160,"s:435:38:435:Infinity":161,"b:436:4:436:Infinity:undefined:undefined:undefined:undefined":68,"s:436:4:436:Infinity":162,"s:436:36:436:Infinity":163,"b:437:4:437:Infinity:undefined:undefined:undefined:undefined":69,"s:437:4:437:Infinity":164,"s:437:39:437:Infinity":165,"b:438:4:438:Infinity:undefined:undefined:undefined:undefined":70,"s:438:4:438:Infinity":166,"s:438:39:438:Infinity":167,"b:439:4:439:Infinity:undefined:undefined:undefined:undefined":71,"s:439:4:439:Infinity":168,"s:439:41:439:Infinity":169,"b:440:4:440:Infinity:undefined:undefined:undefined:undefined":72,"s:440:4:440:Infinity":170,"s:440:37:440:Infinity":171,"s:442:4:442:Infinity":172,"s:443:4:443:Infinity":173}}}
,"C:\\Users\\netxt\\OneDrive\\Desktop\\ABCUNA\\ABCUNA-PROJECT\\utils\\imageCompression.ts": {"path":"C:\\Users\\netxt\\OneDrive\\Desktop\\ABCUNA\\ABCUNA-PROJECT\\utils\\imageCompression.ts","statementMap":{"0":{"start":{"line":6,"column":29},"end":{"line":68,"column":null}},"1":{"start":{"line":8,"column":4},"end":{"line":10,"column":null}},"2":{"start":{"line":9,"column":8},"end":{"line":9,"column":null}},"3":{"start":{"line":13,"column":4},"end":{"line":15,"column":null}},"4":{"start":{"line":14,"column":8},"end":{"line":14,"column":null}},"5":{"start":{"line":17,"column":4},"end":{"line":67,"column":null}},"6":{"start":{"line":18,"column":23},"end":{"line":18,"column":null}},"7":{"start":{"line":19,"column":8},"end":{"line":19,"column":null}},"8":{"start":{"line":20,"column":8},"end":{"line":65,"column":null}},"9":{"start":{"line":21,"column":24},"end":{"line":21,"column":null}},"10":{"start":{"line":22,"column":12},"end":{"line":22,"column":null}},"11":{"start":{"line":23,"column":12},"end":{"line":63,"column":null}},"12":{"start":{"line":24,"column":31},"end":{"line":24,"column":null}},"13":{"start":{"line":25,"column":28},"end":{"line":25,"column":null}},"14":{"start":{"line":26,"column":29},"end":{"line":26,"column":null}},"15":{"start":{"line":29,"column":16},"end":{"line":32,"column":null}},"16":{"start":{"line":30,"column":20},"end":{"line":30,"column":null}},"17":{"start":{"line":31,"column":20},"end":{"line":31,"column":null}},"18":{"start":{"line":34,"column":16},"end":{"line":34,"column":null}},"19":{"start":{"line":35,"column":16},"end":{"line":35,"column":null}},"20":{"start":{"line":37,"column":28},"end":{"line":37,"column":null}},"21":{"start":{"line":38,"column":16},"end":{"line":38,"column":null}},"22":{"start":{"line":38,"column":26},"end":{"line":38,"column":null}},"23":{"start":{"line":41,"column":16},"end":{"line":41,"column":null}},"24":{"start":{"line":45,"column":35},"end":{"line":45,"column":null}},"25":{"start":{"line":47,"column":16},"end":{"line":62,"column":null}},"26":{"start":{"line":49,"column":24},"end":{"line":58,"column":null}},"27":{"start":{"line":51,"column":51},"end":{"line":54,"column":null}},"28":{"start":{"line":55,"column":28},"end":{"line":55,"column":null}},"29":{"start":{"line":57,"column":28},"end":{"line":57,"column":null}},"30":{"start":{"line":64,"column":12},"end":{"line":64,"column":null}},"31":{"start":{"line":64,"column":32},"end":{"line":64,"column":null}},"32":{"start":{"line":66,"column":8},"end":{"line":66,"column":null}},"33":{"start":{"line":66,"column":31},"end":{"line":66,"column":null}}},"fnMap":{"0":{"name":"(anonymous_0)","decl":{"start":{"line":6,"column":29},"end":{"line":6,"column":36}},"loc":{"start":{"line":6,"column":106},"end":{"line":68,"column":null}},"line":6},"1":{"name":"(anonymous_1)","decl":{"start":{"line":17,"column":15},"end":{"line":17,"column":24}},"loc":{"start":{"line":17,"column":44},"end":{"line":67,"column":5}},"line":17},"2":{"name":"(anonymous_2)","decl":{"start":{"line":20,"column":15},"end":{"line":20,"column":25}},"loc":{"start":{"line":20,"column":35},"end":{"line":65,"column":null}},"line":20},"3":{"name":"(anonymous_3)","decl":{"start":{"line":23,"column":16},"end":{"line":23,"column":31}},"loc":{"start":{"line":23,"column":31},"end":{"line":63,"column":null}},"line":23},"4":{"name":"(anonymous_4)","decl":{"start":{"line":47,"column":23},"end":{"line":47,"column":null}},"loc":{"start":{"line":48,"column":30},"end":{"line":59,"column":null}},"line":48},"5":{"name":"(anonymous_5)","decl":{"start":{"line":64,"column":16},"end":{"line":64,"column":32}},"loc":{"start":{"line":64,"column":32},"end":{"line":64,"column":null}},"line":64},"6":{"name":"(anonymous_6)","decl":{"start":{"line":66,"column":15},"end":{"line":66,"column":31}},"loc":{"start":{"line":66,"column":31},"end":{"line":66,"column":null}},"line":66}},"branchMap":{"0":{"loc":{"start":{"line":6,"column":48},"end":{"line":6,"column":65}},"type":"default-arg","locations":[{"start":{"line":6,"column":59},"end":{"line":6,"column":65}}],"line":6},"1":{"loc":{"start":{"line":6,"column":65},"end":{"line":6,"column":106}},"type":"default-arg","locations":[{"start":{"line":6,"column":75},"end":{"line":6,"column":106}}],"line":6},"2":{"loc":{"start":{"line":8,"column":4},"end":{"line":10,"column":null}},"type":"if","locations":[{"start":{"line":8,"column":4},"end":{"line":10,"column":null}},{"start":{},"end":{}}],"line":8},"3":{"loc":{"start":{"line":13,"column":4},"end":{"line":15,"column":null}},"type":"if","locations":[{"start":{"line":13,"column":4},"end":{"line":15,"column":null}},{"start":{},"end":{}}],"line":13},"4":{"loc":{"start":{"line":29,"column":16},"end":{"line":32,"column":null}},"type":"if","locations":[{"start":{"line":29,"column":16},"end":{"line":32,"column":null}},{"start":{},"end":{}}],"line":29},"5":{"loc":{"start":{"line":38,"column":16},"end":{"line":38,"column":null}},"type":"if","locations":[{"start":{"line":38,"column":16},"end":{"line":38,"column":null}},{"start":{},"end":{}}],"line":38},"6":{"loc":{"start":{"line":45,"column":35},"end":{"line":45,"column":null}},"type":"cond-expr","locations":[{"start":{"line":45,"column":63},"end":{"line":45,"column":77}},{"start":{"line":45,"column":77},"end":{"line":45,"column":null}}],"line":45},"7":{"loc":{"start":{"line":49,"column":24},"end":{"line":58,"column":null}},"type":"if","locations":[{"start":{"line":49,"column":24},"end":{"line":58,"column":null}},{"start":{"line":56,"column":31},"end":{"line":58,"column":null}}],"line":49}},"s":{"0":1,"1":0,"2":0,"3":0,"4":0,"5":0,"6":0,"7":0,"8":0,"9":0,"10":0,"11":0,"12":0,"13":0,"14":0,"15":0,"16":0,"17":0,"18":0,"19":0,"20":0,"21":0,"22":0,"23":0,"24":0,"25":0,"26":0,"27":0,"28":0,"29":0,"30":0,"31":0,"32":0,"33":0},"f":{"0":0,"1":0,"2":0,"3":0,"4":0,"5":0,"6":0},"b":{"0":[0],"1":[0],"2":[0,0],"3":[0,0],"4":[0,0],"5":[0,0],"6":[0,0],"7":[0,0]},"meta":{"lastBranch":8,"lastFunction":7,"lastStatement":34,"seen":{"s:6:29:68:Infinity":0,"f:6:29:6:36":0,"b:6:59:6:65":0,"b:6:75:6:106":1,"b:8:4:10:Infinity:undefined:undefined:undefined:undefined":2,"s:8:4:10:Infinity":1,"s:9:8:9:Infinity":2,"b:13:4:15:Infinity:undefined:undefined:undefined:undefined":3,"s:13:4:15:Infinity":3,"s:14:8:14:Infinity":4,"s:17:4:67:Infinity":5,"f:17:15:17:24":1,"s:18:23:18:Infinity":6,"s:19:8:19:Infinity":7,"s:20:8:65:Infinity":8,"f:20:15:20:25":2,"s:21:24:21:Infinity":9,"s:22:12:22:Infinity":10,"s:23:12:63:Infinity":11,"f:23:16:23:31":3,"s:24:31:24:Infinity":12,"s:25:28:25:Infinity":13,"s:26:29:26:Infinity":14,"b:29:16:32:Infinity:undefined:undefined:undefined:undefined":4,"s:29:16:32:Infinity":15,"s:30:20:30:Infinity":16,"s:31:20:31:Infinity":17,"s:34:16:34:Infinity":18,"s:35:16:35:Infinity":19,"s:37:28:37:Infinity":20,"b:38:16:38:Infinity:undefined:undefined:undefined:undefined":5,"s:38:16:38:Infinity":21,"s:38:26:38:Infinity":22,"s:41:16:41:Infinity":23,"s:45:35:45:Infinity":24,"b:45:63:45:77:45:77:45:Infinity":6,"s:47:16:62:Infinity":25,"f:47:23:47:Infinity":4,"b:49:24:58:Infinity:56:31:58:Infinity":7,"s:49:24:58:Infinity":26,"s:51:51:54:Infinity":27,"s:55:28:55:Infinity":28,"s:57:28:57:Infinity":29,"s:64:12:64:Infinity":30,"f:64:16:64:32":5,"s:64:32:64:Infinity":31,"s:66:8:66:Infinity":32,"f:66:15:66:31":6,"s:66:31:66:Infinity":33}}}
,"C:\\Users\\netxt\\OneDrive\\Desktop\\ABCUNA\\ABCUNA-PROJECT\\utils\\logger.ts": {"path":"C:\\Users\\netxt\\OneDrive\\Desktop\\ABCUNA\\ABCUNA-PROJECT\\utils\\logger.ts","statementMap":{"0":{"start":{"line":13,"column":2},"end":{"line":13,"column":null}},"1":{"start":{"line":13,"column":39},"end":{"line":13,"column":null}},"2":{"start":{"line":14,"column":17},"end":{"line":14,"column":null}},"3":{"start":{"line":15,"column":15},"end":{"line":15,"column":null}},"4":{"start":{"line":16,"column":2},"end":{"line":23,"column":null}},"5":{"start":{"line":17,"column":4},"end":{"line":19,"column":null}},"6":{"start":{"line":18,"column":6},"end":{"line":18,"column":null}},"7":{"start":{"line":20,"column":4},"end":{"line":22,"column":null}},"8":{"start":{"line":21,"column":6},"end":{"line":21,"column":null}},"9":{"start":{"line":24,"column":2},"end":{"line":24,"column":null}},"10":{"start":{"line":28,"column":53},"end":{"line":36,"column":null}},"11":{"start":{"line":38,"column":8},"end":{"line":44,"column":null}},"12":{"start":{"line":39,"column":22},"end":{"line":39,"column":null}},"13":{"start":{"line":40,"column":18},"end":{"line":40,"column":null}},"14":{"start":{"line":41,"column":20},"end":{"line":41,"column":null}},"15":{"start":{"line":43,"column":4},"end":{"line":43,"column":null}},"16":{"start":{"line":46,"column":2},"end":{"line":51,"column":null}},"17":{"start":{"line":47,"column":26},"end":{"line":47,"column":null}},"18":{"start":{"line":48,"column":26},"end":{"line":48,"column":null}},"19":{"start":{"line":49,"column":27},"end":{"line":49,"column":null}},"20":{"start":{"line":50,"column":27},"end":{"line":50,"column":null}},"21":{"start":{"line":54,"column":22},"end":{"line":54,"column":null}}},"fnMap":{"0":{"name":"maskSensitive","decl":{"start":{"line":12,"column":9},"end":{"line":12,"column":23}},"loc":{"start":{"line":12,"column":38},"end":{"line":25,"column":null}},"line":12},"1":{"name":"createLogger","decl":{"start":{"line":27,"column":9},"end":{"line":27,"column":32}},"loc":{"start":{"line":27,"column":32},"end":{"line":52,"column":null}},"line":27},"2":{"name":"(anonymous_2)","decl":{"start":{"line":38,"column":8},"end":{"line":38,"column":15}},"loc":{"start":{"line":38,"column":85},"end":{"line":44,"column":null}},"line":38},"3":{"name":"(anonymous_3)","decl":{"start":{"line":47,"column":4},"end":{"line":47,"column":11}},"loc":{"start":{"line":47,"column":26},"end":{"line":47,"column":null}},"line":47},"4":{"name":"(anonymous_4)","decl":{"start":{"line":48,"column":4},"end":{"line":48,"column":11}},"loc":{"start":{"line":48,"column":26},"end":{"line":48,"column":null}},"line":48},"5":{"name":"(anonymous_5)","decl":{"start":{"line":49,"column":4},"end":{"line":49,"column":12}},"loc":{"start":{"line":49,"column":27},"end":{"line":49,"column":null}},"line":49},"6":{"name":"(anonymous_6)","decl":{"start":{"line":50,"column":4},"end":{"line":50,"column":12}},"loc":{"start":{"line":50,"column":27},"end":{"line":50,"column":null}},"line":50}},"branchMap":{"0":{"loc":{"start":{"line":13,"column":2},"end":{"line":13,"column":null}},"type":"if","locations":[{"start":{"line":13,"column":2},"end":{"line":13,"column":null}},{"start":{},"end":{}}],"line":13},"1":{"loc":{"start":{"line":13,"column":6},"end":{"line":13,"column":39}},"type":"binary-expr","locations":[{"start":{"line":13,"column":6},"end":{"line":13,"column":14}},{"start":{"line":13,"column":14},"end":{"line":13,"column":39}}],"line":13},"2":{"loc":{"start":{"line":17,"column":4},"end":{"line":19,"column":null}},"type":"if","locations":[{"start":{"line":17,"column":4},"end":{"line":19,"column":null}},{"start":{},"end":{}}],"line":17},"3":{"loc":{"start":{"line":17,"column":8},"end":{"line":17,"column":78}},"type":"binary-expr","locations":[{"start":{"line":17,"column":8},"end":{"line":17,"column":45}},{"start":{"line":17,"column":45},"end":{"line":17,"column":78}}],"line":17},"4":{"loc":{"start":{"line":20,"column":4},"end":{"line":22,"column":null}},"type":"if","locations":[{"start":{"line":20,"column":4},"end":{"line":22,"column":null}},{"start":{},"end":{}}],"line":20},"5":{"loc":{"start":{"line":20,"column":8},"end":{"line":20,"column":78}},"type":"binary-expr","locations":[{"start":{"line":20,"column":8},"end":{"line":20,"column":45}},{"start":{"line":20,"column":45},"end":{"line":20,"column":78}}],"line":20},"6":{"loc":{"start":{"line":40,"column":18},"end":{"line":40,"column":null}},"type":"binary-expr","locations":[{"start":{"line":40,"column":18},"end":{"line":40,"column":40}},{"start":{"line":40,"column":40},"end":{"line":40,"column":null}}],"line":40},"7":{"loc":{"start":{"line":41,"column":20},"end":{"line":41,"column":null}},"type":"cond-expr","locations":[{"start":{"line":41,"column":27},"end":{"line":41,"column":73}},{"start":{"line":41,"column":73},"end":{"line":41,"column":null}}],"line":41}},"s":{"0":0,"1":0,"2":0,"3":0,"4":0,"5":0,"6":0,"7":0,"8":0,"9":0,"10":1,"11":1,"12":0,"13":0,"14":0,"15":0,"16":1,"17":0,"18":0,"19":0,"20":0,"21":1},"f":{"0":0,"1":1,"2":0,"3":0,"4":0,"5":0,"6":0},"b":{"0":[0,0],"1":[0,0],"2":[0,0],"3":[0,0],"4":[0,0],"5":[0,0],"6":[0,0],"7":[0,0]},"meta":{"lastBranch":8,"lastFunction":7,"lastStatement":22,"seen":{"f:12:9:12:23":0,"b:13:2:13:Infinity:undefined:undefined:undefined:undefined":0,"s:13:2:13:Infinity":0,"b:13:6:13:14:13:14:13:39":1,"s:13:39:13:Infinity":1,"s:14:17:14:Infinity":2,"s:15:15:15:Infinity":3,"s:16:2:23:Infinity":4,"b:17:4:19:Infinity:undefined:undefined:undefined:undefined":2,"s:17:4:19:Infinity":5,"b:17:8:17:45:17:45:17:78":3,"s:18:6:18:Infinity":6,"b:20:4:22:Infinity:undefined:undefined:undefined:undefined":4,"s:20:4:22:Infinity":7,"b:20:8:20:45:20:45:20:78":5,"s:21:6:21:Infinity":8,"s:24:2:24:Infinity":9,"f:27:9:27:32":1,"s:28:53:36:Infinity":10,"s:38:8:44:Infinity":11,"f:38:8:38:15":2,"s:39:22:39:Infinity":12,"s:40:18:40:Infinity":13,"b:40:18:40:40:40:40:40:Infinity":6,"s:41:20:41:Infinity":14,"b:41:27:41:73:41:73:41:Infinity":7,"s:43:4:43:Infinity":15,"s:46:2:51:Infinity":16,"f:47:4:47:11":3,"s:47:26:47:Infinity":17,"f:48:4:48:11":4,"s:48:26:48:Infinity":18,"f:49:4:49:12":5,"s:49:27:49:Infinity":19,"f:50:4:50:12":6,"s:50:27:50:Infinity":20,"s:54:22:54:Infinity":21}}}
}
